#
# There is insufficient memory for the Java Runtime Environment to continue.
# Native memory allocation (mmap) failed to map 87031808 bytes for committing reserved memory.
# Possible reasons:
#   The system is out of physical RAM or swap space
#   In 32 bit mode, the process size limit was hit
# Possible solutions:
#   Reduce memory load on the system
#   Increase physical memory or swap space
#   Check if swap backing store is full
#   Use 64 bit Java on a 64 bit OS
#   Decrease Java heap size (-Xmx/-Xms)
#   Decrease number of Java threads
#   Decrease Java thread stack sizes (-Xss)
#   Set larger code cache with -XX:ReservedCodeCacheSize=
# This output file may be truncated or incomplete.
#
#  Out of Memory Error (os_linux.cpp:2627), pid=7769, tid=140180827080448
#
# JRE version:  (8.0_91-b14) (build )
# Java VM: Java HotSpot(TM) 64-Bit Server VM (25.91-b14 mixed mode linux-amd64 compressed oops)
# Failed to write core dump. Core dumps have been disabled. To enable core dumping, try "ulimit -c unlimited" before starting Java again
#

---------------  T H R E A D  ---------------

Current thread (0x00007f7e5c00a000):  JavaThread "Unknown thread" [_thread_in_vm, id=7770, stack(0x00007f7e64570000,0x00007f7e64671000)]

Stack: [0x00007f7e64570000,0x00007f7e64671000],  sp=0x00007f7e6466f3b0,  free space=1020k
Native frames: (J=compiled Java code, j=interpreted, Vv=VM code, C=native code)
V  [libjvm.so+0xabc18a]  VMError::report_and_die()+0x2ba
V  [libjvm.so+0x4fafeb]  report_vm_out_of_memory(char const*, int, unsigned long, VMErrorType, char const*)+0x8b
V  [libjvm.so+0x91cbb3]  os::Linux::commit_memory_impl(char*, unsigned long, bool)+0x103
V  [libjvm.so+0x91d109]  os::pd_commit_memory(char*, unsigned long, unsigned long, bool)+0x29
V  [libjvm.so+0x91740a]  os::commit_memory(char*, unsigned long, unsigned long, bool)+0x2a
V  [libjvm.so+0x98b033]  PSVirtualSpace::expand_by(unsigned long)+0x53
V  [libjvm.so+0x97b177]  PSOldGen::initialize(ReservedSpace, unsigned long, char const*, int)+0xb7
V  [libjvm.so+0x2d827a]  AdjoiningGenerations::AdjoiningGenerations(ReservedSpace, GenerationSizer*, unsigned long)+0x39a
V  [libjvm.so+0x93ff76]  ParallelScavengeHeap::initialize()+0x1d6
V  [libjvm.so+0xa849bb]  Universe::initialize_heap()+0xfb
V  [libjvm.so+0xa84d2e]  universe_init()+0x3e
V  [libjvm.so+0x63a575]  init_globals()+0x65
V  [libjvm.so+0xa68f3e]  Threads::create_vm(JavaVMInitArgs*, bool*)+0x23e
V  [libjvm.so+0x6cede4]  JNI_CreateJavaVM+0x74
C  [libjli.so+0x745e]  JavaMain+0x9e
C  [libpthread.so.0+0x76fa]  start_thread+0xca


---------------  P R O C E S S  ---------------

Java Threads: ( => current thread )

Other Threads:

=>0x00007f7e5c00a000 (exited) JavaThread "Unknown thread" [_thread_in_vm, id=7770, stack(0x00007f7e64570000,0x00007f7e64671000)]

VM state:not at safepoint (not fully initialized)

VM Mutex/Monitor currently owned by a thread: None

GC Heap History (0 events):
No events

Deoptimization events (0 events):
No events

Internal exceptions (0 events):
No events

Events (0 events):
No events


Dynamic libraries:
00400000-00401000 r-xp 00000000 08:06 8937569                            /usr/lib/jvm/java-8-oracle/jre/bin/java
00600000-00601000 rw-p 00000000 08:06 8937569                            /usr/lib/jvm/java-8-oracle/jre/bin/java
01109000-0112a000 rw-p 00000000 00:00 0                                  [heap]
89b00000-d6d80000 ---p 00000000 00:00 0 
d6d80000-d9680000 rw-p 00000000 00:00 0 
d9680000-100000000 ---p 00000000 00:00 0 
7f7e4d000000-7f7e4d270000 rwxp 00000000 00:00 0 
7f7e4d270000-7f7e5c000000 ---p 00000000 00:00 0 
7f7e5c000000-7f7e5c034000 rw-p 00000000 00:00 0 
7f7e5c034000-7f7e60000000 ---p 00000000 00:00 0 
7f7e60cc4000-7f7e60f49000 rw-p 00000000 00:00 0 
7f7e60f49000-7f7e611db000 ---p 00000000 00:00 0 
7f7e611db000-7f7e611f1000 rw-p 00000000 00:00 0 
7f7e611f1000-7f7e61325000 ---p 00000000 00:00 0 
7f7e61325000-7f7e61330000 rw-p 00000000 00:00 0 
7f7e61330000-7f7e616e6000 ---p 00000000 00:00 0 
7f7e616e6000-7f7e61700000 r-xp 00000000 08:06 8937877                    /usr/lib/jvm/java-8-oracle/jre/lib/amd64/libzip.so
7f7e61700000-7f7e61900000 ---p 0001a000 08:06 8937877                    /usr/lib/jvm/java-8-oracle/jre/lib/amd64/libzip.so
7f7e61900000-7f7e61901000 rw-p 0001a000 08:06 8937877                    /usr/lib/jvm/java-8-oracle/jre/lib/amd64/libzip.so
7f7e61901000-7f7e6190c000 r-xp 00000000 08:06 2626099                    /lib/x86_64-linux-gnu/libnss_files-2.23.so
7f7e6190c000-7f7e61b0b000 ---p 0000b000 08:06 2626099                    /lib/x86_64-linux-gnu/libnss_files-2.23.so
7f7e61b0b000-7f7e61b0c000 r--p 0000a000 08:06 2626099                    /lib/x86_64-linux-gnu/libnss_files-2.23.so
7f7e61b0c000-7f7e61b0d000 rw-p 0000b000 08:06 2626099                    /lib/x86_64-linux-gnu/libnss_files-2.23.so
7f7e61b0d000-7f7e61b13000 rw-p 00000000 00:00 0 
7f7e61b13000-7f7e61b1e000 r-xp 00000000 08:06 2626109                    /lib/x86_64-linux-gnu/libnss_nis-2.23.so
7f7e61b1e000-7f7e61d1d000 ---p 0000b000 08:06 2626109                    /lib/x86_64-linux-gnu/libnss_nis-2.23.so
7f7e61d1d000-7f7e61d1e000 r--p 0000a000 08:06 2626109                    /lib/x86_64-linux-gnu/libnss_nis-2.23.so
7f7e61d1e000-7f7e61d1f000 rw-p 0000b000 08:06 2626109                    /lib/x86_64-linux-gnu/libnss_nis-2.23.so
7f7e61d1f000-7f7e61d35000 r-xp 00000000 08:06 2626093                    /lib/x86_64-linux-gnu/libnsl-2.23.so
7f7e61d35000-7f7e61f34000 ---p 00016000 08:06 2626093                    /lib/x86_64-linux-gnu/libnsl-2.23.so
7f7e61f34000-7f7e61f35000 r--p 00015000 08:06 2626093                    /lib/x86_64-linux-gnu/libnsl-2.23.so
7f7e61f35000-7f7e61f36000 rw-p 00016000 08:06 2626093                    /lib/x86_64-linux-gnu/libnsl-2.23.so
7f7e61f36000-7f7e61f38000 rw-p 00000000 00:00 0 
7f7e61f38000-7f7e61f40000 r-xp 00000000 08:06 2626095                    /lib/x86_64-linux-gnu/libnss_compat-2.23.so
7f7e61f40000-7f7e6213f000 ---p 00008000 08:06 2626095                    /lib/x86_64-linux-gnu/libnss_compat-2.23.so
7f7e6213f000-7f7e62140000 r--p 00007000 08:06 2626095                    /lib/x86_64-linux-gnu/libnss_compat-2.23.so
7f7e62140000-7f7e62141000 rw-p 00008000 08:06 2626095                    /lib/x86_64-linux-gnu/libnss_compat-2.23.so
7f7e62141000-7f7e6216b000 r-xp 00000000 08:06 8937872                    /usr/lib/jvm/java-8-oracle/jre/lib/amd64/libjava.so
7f7e6216b000-7f7e6236b000 ---p 0002a000 08:06 8937872                    /usr/lib/jvm/java-8-oracle/jre/lib/amd64/libjava.so
7f7e6236b000-7f7e6236d000 rw-p 0002a000 08:06 8937872                    /usr/lib/jvm/java-8-oracle/jre/lib/amd64/libjava.so
7f7e6236d000-7f7e6237a000 r-xp 00000000 08:06 8937876                    /usr/lib/jvm/java-8-oracle/jre/lib/amd64/libverify.so
7f7e6237a000-7f7e6257a000 ---p 0000d000 08:06 8937876                    /usr/lib/jvm/java-8-oracle/jre/lib/amd64/libverify.so
7f7e6257a000-7f7e6257c000 rw-p 0000d000 08:06 8937876                    /usr/lib/jvm/java-8-oracle/jre/lib/amd64/libverify.so
7f7e6257c000-7f7e62583000 r-xp 00000000 08:06 2626154                    /lib/x86_64-linux-gnu/librt-2.23.so
7f7e62583000-7f7e62782000 ---p 00007000 08:06 2626154                    /lib/x86_64-linux-gnu/librt-2.23.so
7f7e62782000-7f7e62783000 r--p 00006000 08:06 2626154                    /lib/x86_64-linux-gnu/librt-2.23.so
7f7e62783000-7f7e62784000 rw-p 00007000 08:06 2626154                    /lib/x86_64-linux-gnu/librt-2.23.so
7f7e62784000-7f7e6288c000 r-xp 00000000 08:06 2626070                    /lib/x86_64-linux-gnu/libm-2.23.so
7f7e6288c000-7f7e62a8b000 ---p 00108000 08:06 2626070                    /lib/x86_64-linux-gnu/libm-2.23.so
7f7e62a8b000-7f7e62a8c000 r--p 00107000 08:06 2626070                    /lib/x86_64-linux-gnu/libm-2.23.so
7f7e62a8c000-7f7e62a8d000 rw-p 00108000 08:06 2626070                    /lib/x86_64-linux-gnu/libm-2.23.so
7f7e62a8d000-7f7e6374d000 r-xp 00000000 08:06 8937855                    /usr/lib/jvm/java-8-oracle/jre/lib/amd64/server/libjvm.so
7f7e6374d000-7f7e6394d000 ---p 00cc0000 08:06 8937855                    /usr/lib/jvm/java-8-oracle/jre/lib/amd64/server/libjvm.so
7f7e6394d000-7f7e63a25000 rw-p 00cc0000 08:06 8937855                    /usr/lib/jvm/java-8-oracle/jre/lib/amd64/server/libjvm.so
7f7e63a25000-7f7e63a70000 rw-p 00000000 00:00 0 
7f7e63a70000-7f7e63c30000 r-xp 00000000 08:06 2626000                    /lib/x86_64-linux-gnu/libc-2.23.so
7f7e63c30000-7f7e63e2f000 ---p 001c0000 08:06 2626000                    /lib/x86_64-linux-gnu/libc-2.23.so
7f7e63e2f000-7f7e63e33000 r--p 001bf000 08:06 2626000                    /lib/x86_64-linux-gnu/libc-2.23.so
7f7e63e33000-7f7e63e35000 rw-p 001c3000 08:06 2626000                    /lib/x86_64-linux-gnu/libc-2.23.so
7f7e63e35000-7f7e63e39000 rw-p 00000000 00:00 0 
7f7e63e39000-7f7e63e3c000 r-xp 00000000 08:06 2626024                    /lib/x86_64-linux-gnu/libdl-2.23.so
7f7e63e3c000-7f7e6403b000 ---p 00003000 08:06 2626024                    /lib/x86_64-linux-gnu/libdl-2.23.so
7f7e6403b000-7f7e6403c000 r--p 00002000 08:06 2626024                    /lib/x86_64-linux-gnu/libdl-2.23.so
7f7e6403c000-7f7e6403d000 rw-p 00003000 08:06 2626024                    /lib/x86_64-linux-gnu/libdl-2.23.so
7f7e6403d000-7f7e64052000 r-xp 00000000 08:06 8937850                    /usr/lib/jvm/java-8-oracle/jre/lib/amd64/jli/libjli.so
7f7e64052000-7f7e64252000 ---p 00015000 08:06 8937850                    /usr/lib/jvm/java-8-oracle/jre/lib/amd64/jli/libjli.so
7f7e64252000-7f7e64253000 rw-p 00015000 08:06 8937850                    /usr/lib/jvm/java-8-oracle/jre/lib/amd64/jli/libjli.so
7f7e64253000-7f7e6426b000 r-xp 00000000 08:06 2626146                    /lib/x86_64-linux-gnu/libpthread-2.23.so
7f7e6426b000-7f7e6446a000 ---p 00018000 08:06 2626146                    /lib/x86_64-linux-gnu/libpthread-2.23.so
7f7e6446a000-7f7e6446b000 r--p 00017000 08:06 2626146                    /lib/x86_64-linux-gnu/libpthread-2.23.so
7f7e6446b000-7f7e6446c000 rw-p 00018000 08:06 2626146                    /lib/x86_64-linux-gnu/libpthread-2.23.so
7f7e6446c000-7f7e64470000 rw-p 00000000 00:00 0 
7f7e64470000-7f7e64496000 r-xp 00000000 08:06 2625972                    /lib/x86_64-linux-gnu/ld-2.23.so
7f7e64570000-7f7e64573000 ---p 00000000 00:00 0 
7f7e64573000-7f7e64675000 rw-p 00000000 00:00 0 
7f7e64689000-7f7e64691000 rw-s 00000000 08:06 4980861                    /tmp/hsperfdata_dario/7769
7f7e64691000-7f7e64692000 rw-p 00000000 00:00 0 
7f7e64692000-7f7e64693000 r--p 00000000 00:00 0 
7f7e64693000-7f7e64695000 rw-p 00000000 00:00 0 
7f7e64695000-7f7e64696000 r--p 00025000 08:06 2625972                    /lib/x86_64-linux-gnu/ld-2.23.so
7f7e64696000-7f7e64697000 rw-p 00026000 08:06 2625972                    /lib/x86_64-linux-gnu/ld-2.23.so
7f7e64697000-7f7e64698000 rw-p 00000000 00:00 0 
7ffc06ca4000-7ffc06cc5000 rw-p 00000000 00:00 0                          [stack]
7ffc06d87000-7ffc06d89000 r--p 00000000 00:00 0                          [vvar]
7ffc06d89000-7ffc06d8b000 r-xp 00000000 00:00 0                          [vdso]
ffffffffff600000-ffffffffff601000 r-xp 00000000 00:00 0                  [vsyscall]

VM Arguments:
java_command: /home/dario/NetBeansProjects/HibernateSpringPokemon/target/surefire/surefirebooter2515080090780061849.jar /home/dario/NetBeansProjects/HibernateSpringPokemon/target/surefire/surefire1134010461098336726tmp /home/dario/NetBeansProjects/HibernateSpringPokemon/target/surefire/surefire2076881910236848394tmp
java_class_path (initial): /home/dario/NetBeansProjects/HibernateSpringPokemon/target/surefire/surefirebooter2515080090780061849.jar
Launcher Type: SUN_STANDARD

Environment Variables:
JAVA_HOME=/usr/lib/jvm/java-8-oracle
PATH=/usr/local/sbin:/usr/local/bin:/usr/sbin:/usr/bin:/sbin:/bin:/usr/games:/usr/local/games:/snap/bin:/usr/lib/jvm/java-8-oracle/bin:/usr/lib/jvm/java-8-oracle/db/bin:/usr/lib/jvm/java-8-oracle/jre/bin
LD_LIBRARY_PATH=/usr/lib/jvm/java-8-oracle/jre/lib/amd64:/usr/lib/jvm/java-8-oracle/jre/lib/i386:
SHELL=/bin/bash
DISPLAY=:0

Signal Handlers:
SIGSEGV: [libjvm.so+0xabca10], sa_mask[0]=11111111011111111101111111111110, sa_flags=SA_RESTART|SA_SIGINFO
SIGBUS: [libjvm.so+0xabca10], sa_mask[0]=11111111011111111101111111111110, sa_flags=SA_RESTART|SA_SIGINFO
SIGFPE: [libjvm.so+0x919a20], sa_mask[0]=11111111011111111101111111111110, sa_flags=SA_RESTART|SA_SIGINFO
SIGPIPE: [libjvm.so+0x919a20], sa_mask[0]=11111111011111111101111111111110, sa_flags=SA_RESTART|SA_SIGINFO
SIGXFSZ: [libjvm.so+0x919a20], sa_mask[0]=11111111011111111101111111111110, sa_flags=SA_RESTART|SA_SIGINFO
SIGILL: [libjvm.so+0x919a20], sa_mask[0]=11111111011111111101111111111110, sa_flags=SA_RESTART|SA_SIGINFO
SIGUSR1: SIG_DFL, sa_mask[0]=00000000000000000000000000000000, sa_flags=none
SIGUSR2: [libjvm.so+0x91b050], sa_mask[0]=00100000000000000000000000000000, sa_flags=SA_RESTART|SA_SIGINFO
SIGHUP: SIG_DFL, sa_mask[0]=00000000000000000000000000000000, sa_flags=none
SIGINT: SIG_IGN, sa_mask[0]=00000000000000000000000000000000, sa_flags=none
SIGTERM: SIG_DFL, sa_mask[0]=00000000000000000000000000000000, sa_flags=none
SIGQUIT: SIG_DFL, sa_mask[0]=00000000000000000000000000000000, sa_flags=none


---------------  S Y S T E M  ---------------

OS:DISTRIB_ID=Ubuntu
DISTRIB_RELEASE=16.04
DISTRIB_CODENAME=xenial
DISTRIB_DESCRIPTION="Ubuntu 16.04 LTS"

uname:Linux 4.4.0-22-generic #40-Ubuntu SMP Thu May 12 22:03:46 UTC 2016 x86_64
libc:glibc 2.23 NPTL 2.23 
rlimit: STACK 8192k, CORE 0k, NPROC 31241, NOFILE 65536, AS infinity
load average:1.52 1.02 0.64

/proc/meminfo:
MemTotal:        8086932 kB
MemFree:           55724 kB
MemAvailable:      88620 kB
Buffers:            1084 kB
Cached:           362324 kB
SwapCached:            0 kB
Active:          7471900 kB
Inactive:         328120 kB
Active(anon):    7452088 kB
Inactive(anon):   312204 kB
Active(file):      19812 kB
Inactive(file):    15916 kB
Unevictable:          96 kB
Mlocked:              96 kB
SwapTotal:             0 kB
SwapFree:              0 kB
Dirty:               668 kB
Writeback:             0 kB
AnonPages:       7437092 kB
Mapped:           203812 kB
Shmem:            327296 kB
Slab:              82076 kB
SReclaimable:      39516 kB
SUnreclaim:        42560 kB
KernelStack:       12880 kB
PageTables:        61084 kB
NFS_Unstable:          0 kB
Bounce:                0 kB
WritebackTmp:          0 kB
CommitLimit:     4043464 kB
Committed_AS:   11464360 kB
VmallocTotal:   34359738367 kB
VmallocUsed:           0 kB
VmallocChunk:          0 kB
HardwareCorrupted:     0 kB
AnonHugePages:   4761600 kB
CmaTotal:              0 kB
CmaFree:               0 kB
HugePages_Total:       0
HugePages_Free:        0
HugePages_Rsvd:        0
HugePages_Surp:        0
Hugepagesize:       2048 kB
DirectMap4k:      174416 kB
DirectMap2M:     7077888 kB
DirectMap1G:     2097152 kB


CPU:total 4 (2 cores per cpu, 2 threads per core) family 6 model 61 stepping 4, cmov, cx8, fxsr, mmx, sse, sse2, sse3, ssse3, sse4.1, sse4.2, popcnt, avx, avx2, aes, clmul, erms, 3dnowpref, lzcnt, ht, tsc, tscinvbit, bmi1, bmi2, adx

/proc/cpuinfo:
processor	: 0
vendor_id	: GenuineIntel
cpu family	: 6
model		: 61
model name	: Intel(R) Core(TM) i5-5200U CPU @ 2.20GHz
stepping	: 4
microcode	: 0x22
cpu MHz		: 2200.171
cache size	: 3072 KB
physical id	: 0
siblings	: 4
core id		: 0
cpu cores	: 2
apicid		: 0
initial apicid	: 0
fpu		: yes
fpu_exception	: yes
cpuid level	: 20
wp		: yes
flags		: fpu vme de pse tsc msr pae mce cx8 apic sep mtrr pge mca cmov pat pse36 clflush dts acpi mmx fxsr sse sse2 ss ht tm pbe syscall nx pdpe1gb rdtscp lm constant_tsc arch_perfmon pebs bts rep_good nopl xtopology nonstop_tsc aperfmperf eagerfpu pni pclmulqdq dtes64 monitor ds_cpl vmx est tm2 ssse3 sdbg fma cx16 xtpr pdcm pcid sse4_1 sse4_2 x2apic movbe popcnt tsc_deadline_timer aes xsave avx f16c rdrand lahf_lm abm 3dnowprefetch epb intel_pt tpr_shadow vnmi flexpriority ept vpid fsgsbase tsc_adjust bmi1 avx2 smep bmi2 erms invpcid rdseed adx smap xsaveopt dtherm ida arat pln pts
bugs		:
bogomips	: 4389.74
clflush size	: 64
cache_alignment	: 64
address sizes	: 39 bits physical, 48 bits virtual
power management:

processor	: 1
vendor_id	: GenuineIntel
cpu family	: 6
model		: 61
model name	: Intel(R) Core(TM) i5-5200U CPU @ 2.20GHz
stepping	: 4
microcode	: 0x22
cpu MHz		: 2352.367
cache size	: 3072 KB
physical id	: 0
siblings	: 4
core id		: 1
cpu cores	: 2
apicid		: 2
initial apicid	: 2
fpu		: yes
fpu_exception	: yes
cpuid level	: 20
wp		: yes
flags		: fpu vme de pse tsc msr pae mce cx8 apic sep mtrr pge mca cmov pat pse36 clflush dts acpi mmx fxsr sse sse2 ss ht tm pbe syscall nx pdpe1gb rdtscp lm constant_tsc arch_perfmon pebs bts rep_good nopl xtopology nonstop_tsc aperfmperf eagerfpu pni pclmulqdq dtes64 monitor ds_cpl vmx est tm2 ssse3 sdbg fma cx16 xtpr pdcm pcid sse4_1 sse4_2 x2apic movbe popcnt tsc_deadline_timer aes xsave avx f16c rdrand lahf_lm abm 3dnowprefetch epb intel_pt tpr_shadow vnmi flexpriority ept vpid fsgsbase tsc_adjust bmi1 avx2 smep bmi2 erms invpcid rdseed adx smap xsaveopt dtherm ida arat pln pts
bugs		:
bogomips	: 4389.74
clflush size	: 64
cache_alignment	: 64
address sizes	: 39 bits physical, 48 bits virtual
power management:

processor	: 2
vendor_id	: GenuineIntel
cpu family	: 6
model		: 61
model name	: Intel(R) Core(TM) i5-5200U CPU @ 2.20GHz
stepping	: 4
microcode	: 0x22
cpu MHz		: 2236.953
cache size	: 3072 KB
physical id	: 0
siblings	: 4
core id		: 0
cpu cores	: 2
apicid		: 1
initial apicid	: 1
fpu		: yes
fpu_exception	: yes
cpuid level	: 20
wp		: yes
flags		: fpu vme de pse tsc msr pae mce cx8 apic sep mtrr pge mca cmov pat pse36 clflush dts acpi mmx fxsr sse sse2 ss ht tm pbe syscall nx pdpe1gb rdtscp lm constant_tsc arch_perfmon pebs bts rep_good nopl xtopology nonstop_tsc aperfmperf eagerfpu pni pclmulqdq dtes64 monitor ds_cpl vmx est tm2 ssse3 sdbg fma cx16 xtpr pdcm pcid sse4_1 sse4_2 x2apic movbe popcnt tsc_deadline_timer aes xsave avx f16c rdrand lahf_lm abm 3dnowprefetch epb intel_pt tpr_shadow vnmi flexpriority ept vpid fsgsbase tsc_adjust bmi1 avx2 smep bmi2 erms invpcid rdseed adx smap xsaveopt dtherm ida arat pln pts
bugs		:
bogomips	: 4389.74
clflush size	: 64
cache_alignment	: 64
address sizes	: 39 bits physical, 48 bits virtual
power management:

processor	: 3
vendor_id	: GenuineIntel
cpu family	: 6
model		: 61
model name	: Intel(R) Core(TM) i5-5200U CPU @ 2.20GHz
stepping	: 4
microcode	: 0x22
cpu MHz		: 2256.375
cache size	: 3072 KB
physical id	: 0
siblings	: 4
core id		: 1
cpu cores	: 2
apicid		: 3
initial apicid	: 3
fpu		: yes
fpu_exception	: yes
cpuid level	: 20
wp		: yes
flags		: fpu vme de pse tsc msr pae mce cx8 apic sep mtrr pge mca cmov pat pse36 clflush dts acpi mmx fxsr sse sse2 ss ht tm pbe syscall nx pdpe1gb rdtscp lm constant_tsc arch_perfmon pebs bts rep_good nopl xtopology nonstop_tsc aperfmperf eagerfpu pni pclmulqdq dtes64 monitor ds_cpl vmx est tm2 ssse3 sdbg fma cx16 xtpr pdcm pcid sse4_1 sse4_2 x2apic movbe popcnt tsc_deadline_timer aes xsave avx f16c rdrand lahf_lm abm 3dnowprefetch epb intel_pt tpr_shadow vnmi flexpriority ept vpid fsgsbase tsc_adjust bmi1 avx2 smep bmi2 erms invpcid rdseed adx smap xsaveopt dtherm ida arat pln pts
bugs		:
bogomips	: 4389.74
clflush size	: 64
cache_alignment	: 64
address sizes	: 39 bits physical, 48 bits virtual
power management:



Memory: 4k page, physical 8086932k(55724k free), swap 0k(0k free)

vm_info: Java HotSpot(TM) 64-Bit Server VM (25.91-b14) for linux-amd64 JRE (1.8.0_91-b14), built on Apr  1 2016 00:57:21 by "java_re" with gcc 4.3.0 20080428 (Red Hat 4.3.0-8)

time: Mon May 23 15:51:59 2016
elapsed time: 1 seconds (0d 0h 0m 1s)

