#
# There is insufficient memory for the Java Runtime Environment to continue.
# Native memory allocation (mmap) failed to map 118489088 bytes for committing reserved memory.
# Possible reasons:
#   The system is out of physical RAM or swap space
#   In 32 bit mode, the process size limit was hit
# Possible solutions:
#   Reduce memory load on the system
#   Increase physical memory or swap space
#   Check if swap backing store is full
#   Use 64 bit Java on a 64 bit OS
#   Decrease Java heap size (-Xmx/-Xms)
#   Decrease number of Java threads
#   Decrease Java thread stack sizes (-Xss)
#   Set larger code cache with -XX:ReservedCodeCacheSize=
# This output file may be truncated or incomplete.
#
#  Out of Memory Error (os_linux.cpp:2627), pid=7708, tid=139773263185664
#
# JRE version: Java(TM) SE Runtime Environment (8.0_91-b14) (build 1.8.0_91-b14)
# Java VM: Java HotSpot(TM) 64-Bit Server VM (25.91-b14 mixed mode linux-amd64 compressed oops)
# Failed to write core dump. Core dumps have been disabled. To enable core dumping, try "ulimit -c unlimited" before starting Java again
#

---------------  T H R E A D  ---------------

Current thread (0x00007f1fa4078000):  VMThread [stack: 0x00007f1f7fa38000,0x00007f1f7fb39000] [id=7715]

Stack: [0x00007f1f7fa38000,0x00007f1f7fb39000],  sp=0x00007f1f7fb37300,  free space=1020k
Native frames: (J=compiled Java code, j=interpreted, Vv=VM code, C=native code)
V  [libjvm.so+0xabc18a]  VMError::report_and_die()+0x2ba
V  [libjvm.so+0x4fafeb]  report_vm_out_of_memory(char const*, int, unsigned long, VMErrorType, char const*)+0x8b
V  [libjvm.so+0x91cbb3]  os::Linux::commit_memory_impl(char*, unsigned long, bool)+0x103
V  [libjvm.so+0x91d109]  os::pd_commit_memory(char*, unsigned long, unsigned long, bool)+0x29
V  [libjvm.so+0x91740a]  os::commit_memory(char*, unsigned long, unsigned long, bool)+0x2a
V  [libjvm.so+0x98b033]  PSVirtualSpace::expand_by(unsigned long)+0x53
V  [libjvm.so+0x98c438]  PSYoungGen::resize_generation(unsigned long, unsigned long)+0xf8
V  [libjvm.so+0x98b592]  PSYoungGen::resize(unsigned long, unsigned long)+0x22
V  [libjvm.so+0x98886b]  PSScavenge::invoke_no_policy()+0xf3b
V  [libjvm.so+0x983b15]  PSParallelCompact::invoke(bool)+0x85
V  [libjvm.so+0x482104]  CollectedHeap::collect_as_vm_thread(GCCause::Cause)+0x114
V  [libjvm.so+0xabd601]  VM_CollectForMetadataAllocation::doit()+0x161
V  [libjvm.so+0xac55d5]  VM_Operation::evaluate()+0x55
V  [libjvm.so+0xac39aa]  VMThread::evaluate_operation(VM_Operation*)+0xba
V  [libjvm.so+0xac3d2e]  VMThread::loop()+0x1ce
V  [libjvm.so+0xac41a0]  VMThread::run()+0x70
V  [libjvm.so+0x91ef78]  java_start(Thread*)+0x108

VM_Operation (0x00007f1f7eb719e0): CollectForMetadataAllocation, mode: safepoint, requested by thread 0x00007f1fa40bd800


---------------  P R O C E S S  ---------------

Java Threads: ( => current thread )
  0x00007f1fa4565800 JavaThread "process reaper" daemon [_thread_blocked, id=7725, stack(0x00007f1f7e41a000,0x00007f1f7e453000)]
  0x00007f1fa40c0800 JavaThread "Service Thread" daemon [_thread_blocked, id=7722, stack(0x00007f1f7e972000,0x00007f1f7ea73000)]
  0x00007f1fa40bd800 JavaThread "C1 CompilerThread2" daemon [_thread_blocked, id=7721, stack(0x00007f1f7ea73000,0x00007f1f7eb74000)]
  0x00007f1fa40bb800 JavaThread "C2 CompilerThread1" daemon [_thread_blocked, id=7720, stack(0x00007f1f7eb74000,0x00007f1f7ec75000)]
  0x00007f1fa40b8800 JavaThread "C2 CompilerThread0" daemon [_thread_blocked, id=7719, stack(0x00007f1f7ec75000,0x00007f1f7ed76000)]
  0x00007f1fa40b7000 JavaThread "Signal Dispatcher" daemon [_thread_blocked, id=7718, stack(0x00007f1f7ed76000,0x00007f1f7ee77000)]
  0x00007f1fa4084000 JavaThread "Finalizer" daemon [_thread_blocked, id=7717, stack(0x00007f1f7f836000,0x00007f1f7f937000)]
  0x00007f1fa407f800 JavaThread "Reference Handler" daemon [_thread_blocked, id=7716, stack(0x00007f1f7f937000,0x00007f1f7fa38000)]
  0x00007f1fa400a000 JavaThread "main" [_thread_blocked, id=7710, stack(0x00007f1fac474000,0x00007f1fac575000)]

Other Threads:
=>0x00007f1fa4078000 VMThread [stack: 0x00007f1f7fa38000,0x00007f1f7fb39000] [id=7715]
  0x00007f1fa40c3800 WatcherThread [stack: 0x00007f1f7e871000,0x00007f1f7e972000] [id=7723]

VM state:at safepoint (normal execution)

VM Mutex/Monitor currently owned by a thread:  ([mutex/lock_event])
[0x00007f1fa4006300] Threads_lock - owner thread: 0x00007f1fa4078000
[0x00007f1fa4006800] Heap_lock - owner thread: 0x00007f1fa40bd800
[0x00007f1fa4006d80] MethodData_lock - owner thread: 0x00007f1fa40bd800

Heap:
 PSYoungGen      total 136192K, used 7512K [0x00000000d6d80000, 0x00000000e0580000, 0x0000000100000000)
  eden space 121856K, 0% used [0x00000000d6d80000,0x00000000d6d80000,0x00000000de480000)
  from space 14336K, 52% used [0x00000000de480000,0x00000000debd62b8,0x00000000df280000)
  to   space 9216K, 0% used [0x00000000df280000,0x00000000df280000,0x00000000dfb80000)
 ParOldGen       total 84992K, used 16824K [0x0000000084800000, 0x0000000089b00000, 0x00000000d6d80000)
  object space 84992K, 19% used [0x0000000084800000,0x000000008586e358,0x0000000089b00000)
 Metaspace       used 20547K, capacity 21090K, committed 21296K, reserved 1069056K
  class space    used 2412K, capacity 2571K, committed 2688K, reserved 1048576K

Card table byte_map: [0x00007f1fa8e4d000,0x00007f1fa922a000] byte_map_base: 0x00007f1fa8a29000

Marking Bits: (ParMarkBitMap*) 0x00007f1fab947d60
 Begin Bits: [0x00007f1f80240000, 0x00007f1f82120000)
 End Bits:   [0x00007f1f82120000, 0x00007f1f84000000)

Polling page: 0x00007f1fac596000

CodeCache: size=245760Kb used=12078Kb max_used=13047Kb free=233682Kb
 bounds [0x00007f1f95000000, 0x00007f1f95cd0000, 0x00007f1fa4000000]
 total_blobs=3898 nmethods=3528 adapters=283
 compilation: enabled

Compilation events (10 events):
Event: 16,439 Thread 0x00007f1fa40bd800 nmethod 3848 0x00007f1f954bc910 code [0x00007f1f954bcc00, 0x00007f1f954be188]
Event: 16,439 Thread 0x00007f1fa40bd800 3850       3       com.sun.tools.javac.util.Position$LineMapImpl::getLineNumber (103 bytes)
Event: 16,439 Thread 0x00007f1fa40bb800 nmethod 3839 0x00007f1f95132210 code [0x00007f1f95132400, 0x00007f1f95132b08]
Event: 16,439 Thread 0x00007f1fa40bd800 nmethod 3850 0x00007f1f951682d0 code [0x00007f1f95168440, 0x00007f1f95168770]
Event: 16,439 Thread 0x00007f1fa40bd800 3852       3       com.sun.tools.javac.jvm.Code::markStatBegin (62 bytes)
Event: 16,440 Thread 0x00007f1fa40bd800 nmethod 3852 0x00007f1f95167cd0 code [0x00007f1f95167e60, 0x00007f1f951681d8]
Event: 16,440 Thread 0x00007f1fa40bd800 3856       1       com.sun.tools.javac.code.Type$JCVoidType::getTag (4 bytes)
Event: 16,440 Thread 0x00007f1fa40bd800 nmethod 3856 0x00007f1f95152450 code [0x00007f1f951525a0, 0x00007f1f951526b0]
Event: 16,440 Thread 0x00007f1fa40bd800 3854       3       com.sun.tools.javac.jvm.Items$Item::coerce (99 bytes)
Event: 16,440 Thread 0x00007f1fa40bb800 3858       4       com.sun.tools.javac.code.Types::erasure (19 bytes)

GC Heap History (10 events):
Event: 4,046 GC heap after
Heap after GC invocations=2 (full 0):
 PSYoungGen      total 36864K, used 5098K [0x00000000d6d80000, 0x00000000d9680000, 0x0000000100000000)
  eden space 31744K, 0% used [0x00000000d6d80000,0x00000000d6d80000,0x00000000d8c80000)
  from space 5120K, 99% used [0x00000000d9180000,0x00000000d967aa38,0x00000000d9680000)
  to   space 5120K, 0% used [0x00000000d8c80000,0x00000000d8c80000,0x00000000d9180000)
 ParOldGen       total 84992K, used 1740K [0x0000000084800000, 0x0000000089b00000, 0x00000000d6d80000)
  object space 84992K, 2% used [0x0000000084800000,0x00000000849b3308,0x0000000089b00000)
 Metaspace       used 12899K, capacity 13200K, committed 13568K, reserved 1060864K
  class space    used 1588K, capacity 1691K, committed 1792K, reserved 1048576K
}
Event: 4,957 GC heap before
{Heap before GC invocations=3 (full 0):
 PSYoungGen      total 36864K, used 36842K [0x00000000d6d80000, 0x00000000d9680000, 0x0000000100000000)
  eden space 31744K, 100% used [0x00000000d6d80000,0x00000000d8c80000,0x00000000d8c80000)
  from space 5120K, 99% used [0x00000000d9180000,0x00000000d967aa38,0x00000000d9680000)
  to   space 5120K, 0% used [0x00000000d8c80000,0x00000000d8c80000,0x00000000d9180000)
 ParOldGen       total 84992K, used 1740K [0x0000000084800000, 0x0000000089b00000, 0x00000000d6d80000)
  object space 84992K, 2% used [0x0000000084800000,0x00000000849b3308,0x0000000089b00000)
 Metaspace       used 13589K, capacity 13952K, committed 14080K, reserved 1060864K
  class space    used 1652K, capacity 1766K, committed 1792K, reserved 1048576K
Event: 4,976 GC heap after
Heap after GC invocations=3 (full 0):
 PSYoungGen      total 36864K, used 5104K [0x00000000d6d80000, 0x00000000db580000, 0x0000000100000000)
  eden space 31744K, 0% used [0x00000000d6d80000,0x00000000d6d80000,0x00000000d8c80000)
  from space 5120K, 99% used [0x00000000d8c80000,0x00000000d917c030,0x00000000d9180000)
  to   space 5120K, 0% used [0x00000000db080000,0x00000000db080000,0x00000000db580000)
 ParOldGen       total 84992K, used 2867K [0x0000000084800000, 0x0000000089b00000, 0x00000000d6d80000)
  object space 84992K, 3% used [0x0000000084800000,0x0000000084accea8,0x0000000089b00000)
 Metaspace       used 13589K, capacity 13952K, committed 14080K, reserved 1060864K
  class space    used 1652K, capacity 1766K, committed 1792K, reserved 1048576K
}
Event: 5,724 GC heap before
{Heap before GC invocations=4 (full 0):
 PSYoungGen      total 36864K, used 36848K [0x00000000d6d80000, 0x00000000db580000, 0x0000000100000000)
  eden space 31744K, 100% used [0x00000000d6d80000,0x00000000d8c80000,0x00000000d8c80000)
  from space 5120K, 99% used [0x00000000d8c80000,0x00000000d917c030,0x00000000d9180000)
  to   space 5120K, 0% used [0x00000000db080000,0x00000000db080000,0x00000000db580000)
 ParOldGen       total 84992K, used 2867K [0x0000000084800000, 0x0000000089b00000, 0x00000000d6d80000)
  object space 84992K, 3% used [0x0000000084800000,0x0000000084accea8,0x0000000089b00000)
 Metaspace       used 14014K, capacity 14382K, committed 14720K, reserved 1062912K
  class space    used 1689K, capacity 1803K, committed 1920K, reserved 1048576K
Event: 5,747 GC heap after
Heap after GC invocations=4 (full 0):
 PSYoungGen      total 68608K, used 5104K [0x00000000d6d80000, 0x00000000db580000, 0x0000000100000000)
  eden space 63488K, 0% used [0x00000000d6d80000,0x00000000d6d80000,0x00000000dab80000)
  from space 5120K, 99% used [0x00000000db080000,0x00000000db57c010,0x00000000db580000)
  to   space 5120K, 0% used [0x00000000dab80000,0x00000000dab80000,0x00000000db080000)
 ParOldGen       total 84992K, used 4324K [0x0000000084800000, 0x0000000089b00000, 0x00000000d6d80000)
  object space 84992K, 5% used [0x0000000084800000,0x0000000084c39148,0x0000000089b00000)
 Metaspace       used 14014K, capacity 14382K, committed 14720K, reserved 1062912K
  class space    used 1689K, capacity 1803K, committed 1920K, reserved 1048576K
}
Event: 7,146 GC heap before
{Heap before GC invocations=5 (full 0):
 PSYoungGen      total 68608K, used 68592K [0x00000000d6d80000, 0x00000000db580000, 0x0000000100000000)
  eden space 63488K, 100% used [0x00000000d6d80000,0x00000000dab80000,0x00000000dab80000)
  from space 5120K, 99% used [0x00000000db080000,0x00000000db57c010,0x00000000db580000)
  to   space 5120K, 0% used [0x00000000dab80000,0x00000000dab80000,0x00000000db080000)
 ParOldGen       total 84992K, used 4324K [0x0000000084800000, 0x0000000089b00000, 0x00000000d6d80000)
  object space 84992K, 5% used [0x0000000084800000,0x0000000084c39148,0x0000000089b00000)
 Metaspace       used 15031K, capacity 15550K, committed 15744K, reserved 1062912K
  class space    used 1771K, capacity 1915K, committed 1920K, reserved 1048576K
Event: 7,175 GC heap after
Heap after GC invocations=5 (full 0):
 PSYoungGen      total 68608K, used 5104K [0x00000000d6d80000, 0x00000000dfb80000, 0x0000000100000000)
  eden space 63488K, 0% used [0x00000000d6d80000,0x00000000d6d80000,0x00000000dab80000)
  from space 5120K, 99% used [0x00000000dab80000,0x00000000db07c030,0x00000000db080000)
  to   space 9216K, 0% used [0x00000000df280000,0x00000000df280000,0x00000000dfb80000)
 ParOldGen       total 84992K, used 7818K [0x0000000084800000, 0x0000000089b00000, 0x00000000d6d80000)
  object space 84992K, 9% used [0x0000000084800000,0x0000000084fa2a08,0x0000000089b00000)
 Metaspace       used 15031K, capacity 15550K, committed 15744K, reserved 1062912K
  class space    used 1771K, capacity 1915K, committed 1920K, reserved 1048576K
}
Event: 16,224 GC heap before
{Heap before GC invocations=6 (full 0):
 PSYoungGen      total 68608K, used 68592K [0x00000000d6d80000, 0x00000000dfb80000, 0x0000000100000000)
  eden space 63488K, 100% used [0x00000000d6d80000,0x00000000dab80000,0x00000000dab80000)
  from space 5120K, 99% used [0x00000000dab80000,0x00000000db07c030,0x00000000db080000)
  to   space 9216K, 0% used [0x00000000df280000,0x00000000df280000,0x00000000dfb80000)
 ParOldGen       total 84992K, used 7818K [0x0000000084800000, 0x0000000089b00000, 0x00000000d6d80000)
  object space 84992K, 9% used [0x0000000084800000,0x0000000084fa2a08,0x0000000089b00000)
 Metaspace       used 20398K, capacity 20962K, committed 21120K, reserved 1067008K
  class space    used 2410K, capacity 2571K, committed 2688K, reserved 1048576K
Event: 16,263 GC heap after
Heap after GC invocations=6 (full 0):
 PSYoungGen      total 131072K, used 9208K [0x00000000d6d80000, 0x00000000e0580000, 0x0000000100000000)
  eden space 121856K, 0% used [0x00000000d6d80000,0x00000000d6d80000,0x00000000de480000)
  from space 9216K, 99% used [0x00000000df280000,0x00000000dfb7e2b8,0x00000000dfb80000)
  to   space 14336K, 0% used [0x00000000de480000,0x00000000de480000,0x00000000df280000)
 ParOldGen       total 84992K, used 14958K [0x0000000084800000, 0x0000000089b00000, 0x00000000d6d80000)
  object space 84992K, 17% used [0x0000000084800000,0x000000008569bab8,0x0000000089b00000)
 Metaspace       used 20398K, capacity 20962K, committed 21120K, reserved 1067008K
  class space    used 2410K, capacity 2571K, committed 2688K, reserved 1048576K
}
Event: 16,444 GC heap before
{Heap before GC invocations=7 (full 0):
 PSYoungGen      total 131072K, used 11768K [0x00000000d6d80000, 0x00000000e0580000, 0x0000000100000000)
  eden space 121856K, 2% used [0x00000000d6d80000,0x00000000d7000128,0x00000000de480000)
  from space 9216K, 99% used [0x00000000df280000,0x00000000dfb7e2b8,0x00000000dfb80000)
  to   space 14336K, 0% used [0x00000000de480000,0x00000000de480000,0x00000000df280000)
 ParOldGen       total 84992K, used 14958K [0x0000000084800000, 0x0000000089b00000, 0x00000000d6d80000)
  object space 84992K, 17% used [0x0000000084800000,0x000000008569bab8,0x0000000089b00000)
 Metaspace       used 20547K, capacity 21090K, committed 21296K, reserved 1069056K
  class space    used 2412K, capacity 2571K, committed 2688K, reserved 1048576K

Deoptimization events (10 events):
Event: 14,916 Thread 0x00007f1fa400a000 Uncommon trap: reason=array_check action=maybe_recompile pc=0x00007f1f95b49ca4 method=java.util.ComparableTimSort.binarySort([Ljava/lang/Object;III)V @ 183
Event: 15,403 Thread 0x00007f1fa400a000 Uncommon trap: reason=class_check action=maybe_recompile pc=0x00007f1f95b99f8c method=com.sun.tools.javac.util.List.prependList(Lcom/sun/tools/javac/util/List;)Lcom/sun/tools/javac/util/List; @ 1
Event: 15,406 Thread 0x00007f1fa400a000 Uncommon trap: reason=unstable_if action=reinterpret pc=0x00007f1f95afad9c method=com.sun.tools.javac.util.Name$Table.equals([BI[BII)Z @ 22
Event: 15,447 Thread 0x00007f1fa400a000 Uncommon trap: reason=class_check action=maybe_recompile pc=0x00007f1f95b99f8c method=com.sun.tools.javac.util.List.prependList(Lcom/sun/tools/javac/util/List;)Lcom/sun/tools/javac/util/List; @ 1
Event: 15,472 Thread 0x00007f1fa400a000 Uncommon trap: reason=unstable_if action=reinterpret pc=0x00007f1f95b9bb78 method=com.sun.tools.javac.code.Scope.getIndex(Lcom/sun/tools/javac/util/Name;)I @ 60
Event: 15,555 Thread 0x00007f1fa400a000 Uncommon trap: reason=class_check action=maybe_recompile pc=0x00007f1f95b99f8c method=com.sun.tools.javac.util.List.prependList(Lcom/sun/tools/javac/util/List;)Lcom/sun/tools/javac/util/List; @ 1
Event: 15,557 Thread 0x00007f1fa400a000 Uncommon trap: reason=class_check action=maybe_recompile pc=0x00007f1f95b99f8c method=com.sun.tools.javac.util.List.prependList(Lcom/sun/tools/javac/util/List;)Lcom/sun/tools/javac/util/List; @ 1
Event: 15,616 Thread 0x00007f1fa400a000 Uncommon trap: reason=unstable_if action=reinterpret pc=0x00007f1f95be8a9c method=com.sun.tools.javac.util.SharedNameTable.fromUtf([BII)Lcom/sun/tools/javac/util/Name; @ 55
Event: 15,864 Thread 0x00007f1fa400a000 Uncommon trap: reason=unstable_if action=reinterpret pc=0x00007f1f95bea404 method=com.sun.tools.javac.code.Scope.lookup(Lcom/sun/tools/javac/util/Name;Lcom/sun/tools/javac/util/Filter;)Lcom/sun/tools/javac/code/Scope$Entry; @ 54
Event: 16,032 Thread 0x00007f1fa400a000 Uncommon trap: reason=unstable_if action=reinterpret pc=0x00007f1f95964b9c method=java.lang.Integer.valueOf(I)Ljava/lang/Integer; @ 10

Internal exceptions (10 events):
Event: 4,075 Thread 0x00007f1fa400a000 Implicit null exception at 0x00007f1f952fe6ef to 0x00007f1f952fe759
Event: 4,183 Thread 0x00007f1fa400a000 Implicit null exception at 0x00007f1f954c4346 to 0x00007f1f954c4669
Event: 4,797 Thread 0x00007f1fa400a000 Implicit null exception at 0x00007f1f95388f18 to 0x00007f1f95388fa6
Event: 4,948 Thread 0x00007f1fa400a000 Exception <a 'java/lang/NoClassDefFoundError': org/slf4j/Logger> (0x00000000d8c376e8) thrown at [/HUDSON/workspace/8-2-build-linux-amd64/jdk8u91/6644/hotspot/src/share/vm/oops/constantPool.cpp, line 235]
Event: 6,631 Thread 0x00007f1fa400a000 Exception <a 'java/lang/NoClassDefFoundError': org/slf4j/Logger> (0x00000000d9cf8980) thrown at [/HUDSON/workspace/8-2-build-linux-amd64/jdk8u91/6644/hotspot/src/share/vm/oops/constantPool.cpp, line 235]
Event: 6,915 Thread 0x00007f1fa400a000 Exception <a 'java/lang/NoClassDefFoundError': org/slf4j/Logger> (0x00000000da5397e0) thrown at [/HUDSON/workspace/8-2-build-linux-amd64/jdk8u91/6644/hotspot/src/share/vm/oops/constantPool.cpp, line 235]
Event: 7,374 Thread 0x00007f1fa400a000 Exception <a 'java/lang/NoClassDefFoundError': org/slf4j/Logger> (0x00000000d7b0b630) thrown at [/HUDSON/workspace/8-2-build-linux-amd64/jdk8u91/6644/hotspot/src/share/vm/oops/constantPool.cpp, line 235]
Event: 7,576 Thread 0x00007f1fa400a000 Exception <a 'java/lang/ClassNotFoundException': com/sun/tools/javac/api/JavacTool> (0x00000000d7e55c20) thrown at [/HUDSON/workspace/8-2-build-linux-amd64/jdk8u91/6644/hotspot/src/share/vm/classfile/systemDictionary.cpp, line 210]
Event: 14,535 Thread 0x00007f1fa400a000 Exception <a 'java/io/FileNotFoundException'> (0x00000000d994ccf8) thrown at [/HUDSON/workspace/8-2-build-linux-amd64/jdk8u91/6644/hotspot/src/share/vm/prims/jni.cpp, line 709]
Event: 14,831 Thread 0x00007f1fa400a000 Exception <a 'java/io/FileNotFoundException'> (0x00000000d9980e08) thrown at [/HUDSON/workspace/8-2-build-linux-amd64/jdk8u91/6644/hotspot/src/share/vm/prims/jni.cpp, line 709]

Events (10 events):
Event: 16,277 Thread 0x00007f1fa40bd800 flushing nmethod 0x00007f1f95616550
Event: 16,277 Thread 0x00007f1fa40bd800 flushing nmethod 0x00007f1f9563d8d0
Event: 16,277 Thread 0x00007f1fa40bd800 flushing nmethod 0x00007f1f9565b590
Event: 16,278 Thread 0x00007f1fa40bd800 flushing nmethod 0x00007f1f95667050
Event: 16,278 Thread 0x00007f1fa40bd800 flushing nmethod 0x00007f1f95686610
Event: 16,351 loading class com/sun/tools/javac/comp/Check$9
Event: 16,351 loading class com/sun/tools/javac/comp/Check$9 done
Event: 16,381 loading class com/sun/tools/javac/util/MandatoryWarningHandler$DeferredDiagnosticKind
Event: 16,381 loading class com/sun/tools/javac/util/MandatoryWarningHandler$DeferredDiagnosticKind done
Event: 16,440 Executing VM operation: CollectForMetadataAllocation


Dynamic libraries:
00400000-00401000 r-xp 00000000 08:06 8807599                            /usr/lib/jvm/java-8-oracle/bin/java
00600000-00601000 rw-p 00000000 08:06 8807599                            /usr/lib/jvm/java-8-oracle/bin/java
012e3000-01304000 rw-p 00000000 00:00 0                                  [heap]
84800000-89b00000 rw-p 00000000 00:00 0 
89b00000-d6d80000 ---p 00000000 00:00 0 
d6d80000-e0580000 rw-p 00000000 00:00 0 
e7680000-100000000 ---p 00000000 00:00 0 
100000000-1002a0000 rw-p 00000000 00:00 0 
1002a0000-140000000 ---p 00000000 00:00 0 
7f1f50000000-7f1f50021000 rw-p 00000000 00:00 0 
7f1f50021000-7f1f54000000 ---p 00000000 00:00 0 
7f1f58000000-7f1f58021000 rw-p 00000000 00:00 0 
7f1f58021000-7f1f5c000000 ---p 00000000 00:00 0 
7f1f5c000000-7f1f5c021000 rw-p 00000000 00:00 0 
7f1f5c021000-7f1f60000000 ---p 00000000 00:00 0 
7f1f60000000-7f1f61657000 rw-p 00000000 00:00 0 
7f1f61657000-7f1f64000000 ---p 00000000 00:00 0 
7f1f64000000-7f1f64c5d000 rw-p 00000000 00:00 0 
7f1f64c5d000-7f1f68000000 ---p 00000000 00:00 0 
7f1f68000000-7f1f68021000 rw-p 00000000 00:00 0 
7f1f68021000-7f1f6c000000 ---p 00000000 00:00 0 
7f1f6c000000-7f1f6e0e2000 rw-p 00000000 00:00 0 
7f1f6e0e2000-7f1f70000000 ---p 00000000 00:00 0 
7f1f70000000-7f1f70021000 rw-p 00000000 00:00 0 
7f1f70021000-7f1f74000000 ---p 00000000 00:00 0 
7f1f74000000-7f1f74021000 rw-p 00000000 00:00 0 
7f1f74021000-7f1f78000000 ---p 00000000 00:00 0 
7f1f78000000-7f1f7828c000 rw-p 00000000 00:00 0 
7f1f7828c000-7f1f7c000000 ---p 00000000 00:00 0 
7f1f7d25f000-7f1f7d28b000 rw-p 00000000 00:00 0 
7f1f7d28b000-7f1f7d45f000 ---p 00000000 00:00 0 
7f1f7d45f000-7f1f7d466000 r--s 00000000 08:06 7867506                    /usr/lib/x86_64-linux-gnu/gconv/gconv-modules.cache
7f1f7d466000-7f1f7d488000 r--p 00000000 08:06 8659460                    /usr/share/locale-langpack/it/LC_MESSAGES/libc.mo
7f1f7d488000-7f1f7d48d000 r--s 00068000 08:09 7864812                    /home/dario/.m2/repository/antlr/antlr/2.7.7/antlr-2.7.7.jar
7f1f7d48d000-7f1f7d4de000 r--s 00425000 08:09 8257600                    /home/dario/.m2/repository/org/hibernate/hibernate-core/4.2.12.Final/hibernate-core-4.2.12.Final.jar
7f1f7d4de000-7f1f7d4e1000 r--s 00011000 08:09 8127489                    /home/dario/.m2/repository/org/hibernate/common/hibernate-commons-annotations/4.0.1.Final/hibernate-commons-annotations-4.0.1.Final.jar
7f1f7d4e1000-7f1f7d4ea000 r--s 00096000 08:09 8127486                    /home/dario/.m2/repository/org/javassist/javassist/3.15.0-GA/javassist-3.15.0-GA.jar
7f1f7d4ea000-7f1f7d4ef000 r--s 00015000 08:09 8127485                    /home/dario/.m2/repository/org/hibernate/javax/persistence/hibernate-jpa-2.0-api/1.0.1.Final/hibernate-jpa-2.0-api-1.0.1.Final.jar
7f1f7d4ef000-7f1f7d4f4000 r--s 00048000 08:09 7864803                    /home/dario/.m2/repository/dom4j/dom4j/1.6.1/dom4j-1.6.1.jar
7f1f7d4f4000-7f1f7d4f5000 r--s 00002000 08:09 8127488                    /home/dario/.m2/repository/org/jboss/spec/javax/transaction/jboss-transaction-api_1.1_spec/1.0.0.Final/jboss-transaction-api_1.1_spec-1.0.0.Final.jar
7f1f7d4f5000-7f1f7d4f7000 r--s 0000d000 08:09 8127483                    /home/dario/.m2/repository/org/jboss/logging/jboss-logging/3.1.0.GA/jboss-logging-3.1.0.GA.jar
7f1f7d4f7000-7f1f7d501000 r--s 0006c000 08:09 8127484                    /home/dario/.m2/repository/org/hibernate/hibernate-entitymanager/4.1.12.Final/hibernate-entitymanager-4.1.12.Final.jar
7f1f7d501000-7f1f7d50a000 r--s 000e3000 08:09 7864819                    /home/dario/.m2/repository/mysql/mysql-connector-java/5.1.31/mysql-connector-java-5.1.31.jar
7f1f7d50a000-7f1f7d512000 r--s 00039000 08:09 8257563                    /home/dario/.m2/repository/org/springframework/spring-tx/4.2.0.RELEASE/spring-tx-4.2.0.RELEASE.jar
7f1f7d512000-7f1f7d51b000 r--s 0005e000 08:09 8257562                    /home/dario/.m2/repository/org/springframework/spring-jdbc/4.2.0.RELEASE/spring-jdbc-4.2.0.RELEASE.jar
7f1f7d51b000-7f1f7d525000 r--s 00068000 08:09 8127511                    /home/dario/.m2/repository/org/springframework/spring-orm/4.2.0.RELEASE/spring-orm-4.2.0.RELEASE.jar
7f1f7d525000-7f1f7d536000 r--s 000c3000 08:09 8127510                    /home/dario/.m2/repository/org/springframework/spring-webmvc/4.2.0.RELEASE/spring-webmvc-4.2.0.RELEASE.jar
7f1f7d536000-7f1f7d546000 r--s 000ab000 08:09 8127507                    /home/dario/.m2/repository/org/springframework/spring-web/4.2.0.RELEASE/spring-web-4.2.0.RELEASE.jar
7f1f7d546000-7f1f7d54b000 r--s 0003c000 08:09 8127505                    /home/dario/.m2/repository/org/springframework/spring-expression/4.2.0.RELEASE/spring-expression-4.2.0.RELEASE.jar
7f1f7d54b000-7f1f7d54d000 r--s 0000e000 08:09 7995944                    /home/dario/.m2/repository/commons-logging/commons-logging/1.2/commons-logging-1.2.jar
7f1f7d54d000-7f1f7d562000 r--s 000ec000 08:09 8127504                    /home/dario/.m2/repository/org/springframework/spring-core/4.2.0.RELEASE/spring-core-4.2.0.RELEASE.jar
7f1f7d562000-7f1f7d570000 r--s 000a5000 08:09 8127502                    /home/dario/.m2/repository/org/springframework/spring-beans/4.2.0.RELEASE/spring-beans-4.2.0.RELEASE.jar
7f1f7d570000-7f1f7d572000 r--s 00000000 08:09 7995955                    /home/dario/.m2/repository/aopalliance/aopalliance/1.0/aopalliance-1.0.jar
7f1f7d572000-7f1f7d57b000 r--s 00050000 08:09 8127499                    /home/dario/.m2/repository/org/springframework/spring-aop/4.2.0.RELEASE/spring-aop-4.2.0.RELEASE.jar
7f1f7d57b000-7f1f7d593000 r--s 000f1000 08:09 8127498                    /home/dario/.m2/repository/org/springframework/spring-context/4.2.0.RELEASE/spring-context-4.2.0.RELEASE.jar
7f1f7d593000-7f1f7d59d000 r--s 0005c000 08:09 8127495                    /home/dario/.m2/repository/javax/servlet/jstl/1.2/jstl-1.2.jar
7f1f7d59d000-7f1f7d5a6000 r--s 00058000 08:09 8127493                    /home/dario/.m2/repository/taglibs/standard/1.1.2/standard-1.1.2.jar
7f1f7d5a6000-7f1f7d5cf000 r--s 000bb000 08:09 8127491                    /home/dario/.m2/repository/javax/javaee-web-api/6.0/javaee-web-api-6.0.jar
7f1f7d5cf000-7f1f7d7cf000 rw-p 00000000 00:00 0 
7f1f7d7cf000-7f1f7d9cf000 rw-p 00000000 00:00 0 
7f1f7d9cf000-7f1f7da48000 r--s 010e3000 08:06 8807706                    /usr/lib/jvm/java-8-oracle/lib/tools.jar
7f1f7da48000-7f1f7da4b000 r--s 0001b000 08:09 7996588                    /home/dario/.m2/repository/junit/junit/3.8.2/junit-3.8.2.jar
7f1f7da4b000-7f1f7da59000 r--s 0008f000 08:09 7996587                    /home/dario/.m2/repository/com/google/collections/google-collections/1.0/google-collections-1.0.jar
7f1f7da59000-7f1f7da5a000 r--s 0000a000 08:09 7996586                    /home/dario/.m2/repository/commons-logging/commons-logging-api/1.1/commons-logging-api-1.1.jar
7f1f7da5a000-7f1f7da61000 r--s 00051000 08:09 7996585                    /home/dario/.m2/repository/log4j/log4j/1.2.12/log4j-1.2.12.jar
7f1f7da61000-7f1f7da65000 r--s 0001d000 08:09 7996584                    /home/dario/.m2/repository/org/apache/xbean/xbean-reflect/3.4/xbean-reflect-3.4.jar
7f1f7da65000-7f1f7da66000 r--s 00004000 08:09 8126651                    /home/dario/.m2/repository/org/codehaus/plexus/plexus-compiler-javac/2.2/plexus-compiler-javac-2.2.jar
7f1f7da66000-7f1f7da68000 r--s 00000000 08:09 8126649                    /home/dario/.m2/repository/org/codehaus/plexus/plexus-compiler-manager/2.2/plexus-compiler-manager-2.2.jar
7f1f7da68000-7f1f7da6a000 r--s 00005000 08:09 8126645                    /home/dario/.m2/repository/org/codehaus/plexus/plexus-compiler-api/2.2/plexus-compiler-api-2.2.jar
7f1f7da6a000-7f1f7da6c000 r--s 00002000 08:09 8126644                    /home/dario/.m2/repository/org/apache/maven/shared/maven-shared-incremental/1.1/maven-shared-incremental-1.1.jar
7f1f7da6c000-7f1f7da6e000 r--s 00006000 08:09 8126642                    /home/dario/.m2/repository/com/google/code/findbugs/jsr305/2.0.1/jsr305-2.0.1.jar
7f1f7da6e000-7f1f7da71000 r--s 00023000 08:09 8126643                    /home/dario/.m2/repository/org/apache/maven/shared/maven-shared-utils/0.1/maven-shared-utils-0.1.jar
7f1f7da71000-7f1f7da75000 r--s 00030000 08:09 7865530                    /home/dario/.m2/repository/org/codehaus/plexus/plexus-utils/1.5.1/plexus-utils-1.5.1.jar
7f1f7da75000-7f1f7da77000 r--s 00009000 08:09 7995799                    /home/dario/.m2/repository/org/apache/maven/plugins/maven-compiler-plugin/3.1/maven-compiler-plugin-3.1.jar
7f1f7da77000-7f1f7da79000 r--s 0000d000 08:09 7865046                    /home/dario/.m2/repository/org/codehaus/plexus/plexus-interpolation/1.13/plexus-interpolation-1.13.jar
7f1f7da79000-7f1f7da7a000 r--s 00001000 08:09 7865045                    /home/dario/.m2/repository/org/sonatype/plexus/plexus-build-api/0.0.4/plexus-build-api-0.0.4.jar
7f1f7da7a000-7f1f7da7c000 r--s 00009000 08:09 7865044                    /home/dario/.m2/repository/org/apache/maven/shared/maven-filtering/1.0/maven-filtering-1.0.jar
7f1f7da7c000-7f1f7da7d000 r--s 00001000 08:09 7865035                    /home/dario/.m2/repository/org/apache/maven/doxia/doxia-sink-api/1.0-alpha-7/doxia-sink-api-1.0-alpha-7.jar
7f1f7da7d000-7f1f7da7e000 r--s 00002000 08:09 7865034                    /home/dario/.m2/repository/org/apache/maven/reporting/maven-reporting-api/2.0.6/maven-reporting-api-2.0.6.jar
7f1f7da7e000-7f1f7da80000 r--s 00005000 08:09 7734286                    /home/dario/.m2/repository/org/apache/maven/plugins/maven-resources-plugin/2.5/maven-resources-plugin-2.5.jar
7f1f7da80000-7f1f7da8e000 r--s 0007f000 08:09 8126484                    /home/dario/.m2/repository/commons-collections/commons-collections/3.2.1/commons-collections-3.2.1.jar
7f1f7da8e000-7f1f7da93000 r--s 00041000 08:09 8126483                    /home/dario/.m2/repository/commons-lang/commons-lang/2.6/commons-lang-2.6.jar
7f1f7da93000-7f1f7da95000 r--s 00006000 08:09 8126482                    /home/dario/.m2/repository/org/apache/maven/shared/maven-invoker/2.0.11/maven-invoker-2.0.11.jar
7f1f7da95000-7f1f7da97000 r--s 00006000 08:09 7996579                    /home/dario/.m2/repository/org/apache/maven/shared/maven-common-artifact-filters/1.4/maven-common-artifact-filters-1.4.jar
7f1f7da97000-7f1f7da99000 r--s 0000c000 08:09 7996578                    /home/dario/.m2/repository/org/apache/maven/shared/maven-dependency-tree/2.0/maven-dependency-tree-2.0.jar
7f1f7da99000-7f1f7da9b000 r--s 00000000 08:09 7996576                    /home/dario/.m2/repository/org/codehaus/plexus/plexus-component-annotations/1.5.5/plexus-component-annotations-1.5.5.jar
7f1f7da9b000-7f1f7da9d000 r--s 00005000 08:09 7996572                    /home/dario/.m2/repository/org/apache/maven/shared/maven-dependency-analyzer/1.3/maven-dependency-analyzer-1.3.jar
7f1f7da9d000-7f1f7daa1000 r--s 00033000 08:09 7864410                    /home/dario/.m2/repository/org/codehaus/plexus/plexus-utils/2.0.5/plexus-utils-2.0.5.jar
7f1f7daa1000-7f1f7daa2000 r--s 00005000 08:09 7864339                    /home/dario/.m2/repository/org/apache/maven/plugins/maven-clean-plugin/2.4.1/maven-clean-plugin-2.4.1.jar
7f1f7daa2000-7f1f7daa3000 r--s 0000a000 08:09 7996575                    /home/dario/.m2/repository/asm/asm/3.3.1/asm-3.3.1.jar
7f1f7daa3000-7f1f7daa6000 r--s 0000c000 08:09 7996569                    /home/dario/.m2/repository/org/codehaus/plexus/plexus-io/2.0.6/plexus-io-2.0.6.jar
7f1f7daa6000-7f1f7daa9000 r--s 0001b000 08:09 7865037                    /home/dario/.m2/repository/junit/junit/3.8.1/junit-3.8.1.jar
7f1f7daa9000-7f1f7daab000 r--s 00008000 08:09 7996567                    /home/dario/.m2/repository/org/apache/maven/shared/maven-shared-io/1.1/maven-shared-io-1.1.jar
7f1f7daab000-7f1f7daad000 r--s 00008000 08:09 7996565                    /home/dario/.m2/repository/org/apache/maven/shared/file-management/1.2.1/file-management-1.2.1.jar
7f1f7daad000-7f1f7dab1000 r--s 00035000 08:09 7996563                    /home/dario/.m2/repository/org/codehaus/plexus/plexus-utils/3.0.9/plexus-utils-3.0.9.jar
7f1f7dab1000-7f1f7dab6000 r--s 00029000 08:09 7996562                    /home/dario/.m2/repository/org/codehaus/plexus/plexus-archiver/2.2/plexus-archiver-2.2.jar
7f1f7dab6000-7f1f7dab8000 r--s 00004000 08:09 7996560                    /home/dario/.m2/repository/org/apache/maven/doxia/doxia-module-xhtml/1.0/doxia-module-xhtml-1.0.jar
7f1f7dab8000-7f1f7dab9000 r--s 00006000 08:09 7996557                    /home/dario/.m2/repository/org/apache/maven/doxia/doxia-module-xdoc/1.0/doxia-module-xdoc-1.0.jar
7f1f7dab9000-7f1f7daba000 r--s 00004000 08:09 7996555                    /home/dario/.m2/repository/org/apache/maven/doxia/doxia-module-fml/1.0/doxia-module-fml-1.0.jar
7f1f7daba000-7f1f7dabc000 r--s 0000a000 08:09 7996554                    /home/dario/.m2/repository/org/apache/maven/doxia/doxia-module-apt/1.0/doxia-module-apt-1.0.jar
7f1f7dabc000-7f1f7dabd000 r--s 0000b000 08:09 7996551                    /home/dario/.m2/repository/org/apache/maven/doxia/doxia-decoration-model/1.0/doxia-decoration-model-1.0.jar
7f1f7dabd000-7f1f7dac5000 r--s 00058000 08:09 7996552                    /home/dario/.m2/repository/org/apache/velocity/velocity/1.5/velocity-1.5.jar
7f1f7dac5000-7f1f7dac6000 r--s 00001000 08:09 7996548                    /home/dario/.m2/repository/org/codehaus/plexus/plexus-velocity/1.1.7/plexus-velocity-1.1.7.jar
7f1f7dac6000-7f1f7dac7000 r--s 00002000 08:09 7996546                    /home/dario/.m2/repository/org/codehaus/plexus/plexus-i18n/1.0-beta-7/plexus-i18n-1.0-beta-7.jar
7f1f7dac7000-7f1f7dac9000 r--s 0000a000 08:09 7996544                    /home/dario/.m2/repository/org/apache/maven/doxia/doxia-site-renderer/1.0/doxia-site-renderer-1.0.jar
7f1f7dac9000-7f1f7daca000 r--s 00002000 08:09 7996541                    /home/dario/.m2/repository/org/apache/maven/doxia/doxia-sink-api/1.0/doxia-sink-api-1.0.jar
7f1f7daca000-7f1f7dacf000 r--s 00016000 08:09 7864808                    /home/dario/.m2/repository/xml-apis/xml-apis/1.0.b2/xml-apis-1.0.b2.jar
7f1f7dacf000-7f1f7dad1000 r--s 0000e000 08:09 7996540                    /home/dario/.m2/repository/oro/oro/2.0.8/oro-2.0.8.jar
7f1f7dad1000-7f1f7dad3000 r--s 00008000 08:09 7996537                    /home/dario/.m2/repository/commons-logging/commons-logging/1.0.4/commons-logging-1.0.4.jar
7f1f7dad3000-7f1f7dad7000 r--s 00026000 08:09 7996535                    /home/dario/.m2/repository/commons-digester/commons-digester/1.6/commons-digester-1.6.jar
7f1f7dad7000-7f1f7dadc000 r--s 0002a000 08:09 7996534                    /home/dario/.m2/repository/commons-beanutils/commons-beanutils/1.7.0/commons-beanutils-1.7.0.jar
7f1f7dadc000-7f1f7dadf000 r--s 00014000 08:09 7996533                    /home/dario/.m2/repository/commons-validator/commons-validator/1.2.0/commons-validator-1.2.0.jar
7f1f7dadf000-7f1f7dae2000 r--s 00018000 08:09 7996528                    /home/dario/.m2/repository/commons-io/commons-io/1.4/commons-io-1.4.jar
7f1f7dae2000-7f1f7dae4000 r--s 00009000 08:09 7996526                    /home/dario/.m2/repository/org/apache/maven/shared/maven-doxia-tools/1.0.2/maven-doxia-tools-1.0.2.jar
7f1f7dae4000-7f1f7dae7000 r--s 0000b000 08:09 7996527                    /home/dario/.m2/repository/org/apache/maven/doxia/doxia-core/1.0/doxia-core-1.0.jar
7f1f7dae7000-7f1f7dae9000 r--s 00004000 08:09 7996525                    /home/dario/.m2/repository/org/apache/maven/reporting/maven-reporting-impl/2.0.5/maven-reporting-impl-2.0.5.jar
7f1f7dae9000-7f1f7daea000 r--s 00002000 08:09 7996524                    /home/dario/.m2/repository/org/apache/maven/reporting/maven-reporting-api/3.0/maven-reporting-api-3.0.jar
7f1f7daea000-7f1f7daec000 r--s 00002000 08:09 7865038                    /home/dario/.m2/repository/org/codehaus/plexus/plexus-interactivity-api/1.0-alpha-4/plexus-interactivity-api-1.0-alpha-4.jar
7f1f7daec000-7f1f7daee000 r--s 00006000 08:09 7865036                    /home/dario/.m2/repository/commons-cli/commons-cli/1.0/commons-cli-1.0.jar
7f1f7daee000-7f1f7daf1000 r--s 00021000 08:09 7995781                    /home/dario/.m2/repository/org/apache/maven/plugins/maven-dependency-plugin/2.6/maven-dependency-plugin-2.6.jar
7f1f7daf1000-7f1f7dcf1000 rw-p 00000000 00:00 0 
7f1f7dcf1000-7f1f7dd02000 r-xp 00000000 08:06 8937884                    /usr/lib/jvm/java-8-oracle/jre/lib/amd64/libnio.so
7f1f7dd02000-7f1f7df01000 ---p 00011000 08:06 8937884                    /usr/lib/jvm/java-8-oracle/jre/lib/amd64/libnio.so
7f1f7df01000-7f1f7df02000 rw-p 00010000 08:06 8937884                    /usr/lib/jvm/java-8-oracle/jre/lib/amd64/libnio.so
7f1f7df02000-7f1f7e203000 rw-p 00000000 00:00 0 
7f1f7e203000-7f1f7e219000 r-xp 00000000 08:06 8937881                    /usr/lib/jvm/java-8-oracle/jre/lib/amd64/libnet.so
7f1f7e219000-7f1f7e419000 ---p 00016000 08:06 8937881                    /usr/lib/jvm/java-8-oracle/jre/lib/amd64/libnet.so
7f1f7e419000-7f1f7e41a000 rw-p 00016000 08:06 8937881                    /usr/lib/jvm/java-8-oracle/jre/lib/amd64/libnet.so
7f1f7e41a000-7f1f7e41d000 ---p 00000000 00:00 0 
7f1f7e41d000-7f1f7e653000 rw-p 00000000 00:00 0 
7f1f7e653000-7f1f7e657000 r--s 00097000 08:06 8937727                    /usr/lib/jvm/java-8-oracle/jre/lib/jsse.jar
7f1f7e657000-7f1f7e857000 rw-p 00000000 00:00 0 
7f1f7e857000-7f1f7e859000 r--s 0000c000 08:09 7603593                    /home/dario/Scrivania/Lavoro/Utilities/NetBeans/netbeans-8.1/java/maven-nblib/netbeans-eventspy.jar
7f1f7e859000-7f1f7e85b000 r--s 0000b000 08:09 7603569                    /home/dario/Scrivania/Lavoro/Utilities/NetBeans/netbeans-8.1/java/maven/lib/maven-plugin-api-3.0.5.jar
7f1f7e85b000-7f1f7e85d000 r--s 0000a000 08:09 7603585                    /home/dario/Scrivania/Lavoro/Utilities/NetBeans/netbeans-8.1/java/maven/lib/maven-settings-3.0.5.jar
7f1f7e85d000-7f1f7e85f000 r--s 00002000 08:09 7603603                    /home/dario/Scrivania/Lavoro/Utilities/NetBeans/netbeans-8.1/java/maven/lib/plexus-cipher-1.7.jar
7f1f7e85f000-7f1f7e867000 r--s 00050000 08:09 7603556                    /home/dario/Scrivania/Lavoro/Utilities/NetBeans/netbeans-8.1/java/maven/lib/sisu-guice-3.1.0-no_aop.jar
7f1f7e867000-7f1f7e871000 r--s 00116000 08:06 8937738                    /usr/lib/jvm/java-8-oracle/jre/lib/ext/localedata.jar
7f1f7e871000-7f1f7e872000 ---p 00000000 00:00 0 
7f1f7e872000-7f1f7e972000 rw-p 00000000 00:00 0 
7f1f7e972000-7f1f7e975000 ---p 00000000 00:00 0 
7f1f7e975000-7f1f7ea73000 rw-p 00000000 00:00 0 
7f1f7ea73000-7f1f7ea76000 ---p 00000000 00:00 0 
7f1f7ea76000-7f1f7eb74000 rw-p 00000000 00:00 0 
7f1f7eb74000-7f1f7eb77000 ---p 00000000 00:00 0 
7f1f7eb77000-7f1f7ec75000 rw-p 00000000 00:00 0 
7f1f7ec75000-7f1f7ec78000 ---p 00000000 00:00 0 
7f1f7ec78000-7f1f7ed76000 rw-p 00000000 00:00 0 
7f1f7ed76000-7f1f7ed79000 ---p 00000000 00:00 0 
7f1f7ed79000-7f1f7ee77000 rw-p 00000000 00:00 0 
7f1f7ee77000-7f1f7f836000 r--p 00000000 08:06 7609514                    /usr/lib/locale/locale-archive
7f1f7f836000-7f1f7f839000 ---p 00000000 00:00 0 
7f1f7f839000-7f1f7f937000 rw-p 00000000 00:00 0 
7f1f7f937000-7f1f7f93a000 ---p 00000000 00:00 0 
7f1f7f93a000-7f1f7fa38000 rw-p 00000000 00:00 0 
7f1f7fa38000-7f1f7fa39000 ---p 00000000 00:00 0 
7f1f7fa39000-7f1f84000000 rw-p 00000000 00:00 0 
7f1f84000000-7f1f84021000 rw-p 00000000 00:00 0 
7f1f84021000-7f1f88000000 ---p 00000000 00:00 0 
7f1f88000000-7f1f88021000 rw-p 00000000 00:00 0 
7f1f88021000-7f1f8c000000 ---p 00000000 00:00 0 
7f1f8c000000-7f1f8c021000 rw-p 00000000 00:00 0 
7f1f8c021000-7f1f90000000 ---p 00000000 00:00 0 
7f1f90000000-7f1f90021000 rw-p 00000000 00:00 0 
7f1f90021000-7f1f94000000 ---p 00000000 00:00 0 
7f1f94000000-7f1f94002000 r--s 00006000 08:09 7603374                    /home/dario/Scrivania/Lavoro/Utilities/NetBeans/netbeans-8.1/java/maven/lib/maven-repository-metadata-3.0.5.jar
7f1f94002000-7f1f94004000 r--s 0000d000 08:09 7603526                    /home/dario/Scrivania/Lavoro/Utilities/NetBeans/netbeans-8.1/java/maven/lib/plexus-interpolation-1.14.jar
7f1f94004000-7f1f94020000 r--s 00393000 08:06 8937731                    /usr/lib/jvm/java-8-oracle/jre/lib/ext/cldrdata.jar
7f1f94020000-7f1f94027000 r--s 0002b000 08:09 7603545                    /home/dario/Scrivania/Lavoro/Utilities/NetBeans/netbeans-8.1/java/maven/lib/sisu-inject-plexus-2.3.0.jar
7f1f94027000-7f1f9402e000 r--s 0003f000 08:09 7603570                    /home/dario/Scrivania/Lavoro/Utilities/NetBeans/netbeans-8.1/java/maven/lib/sisu-inject-bean-2.3.0.jar
7f1f9402e000-7f1f9404d000 r--s 00154000 08:09 7603611                    /home/dario/Scrivania/Lavoro/Utilities/NetBeans/netbeans-8.1/java/maven/lib/sisu-guava-0.9.9.jar
7f1f9404d000-7f1f94068000 r--s 000e4000 08:09 7603578                    /home/dario/Scrivania/Lavoro/Utilities/NetBeans/netbeans-8.1/java/maven/lib/wagon-http-2.4-shaded.jar
7f1f94068000-7f1f94096000 r--s 001c9000 08:09 7603525                    /home/dario/Scrivania/Lavoro/Utilities/NetBeans/netbeans-8.1/java/maven/lib/ext/wagon-http-2.8-shaded.jar
7f1f94096000-7f1f95000000 rw-p 00000000 00:00 0 
7f1f95000000-7f1f95cd0000 rwxp 00000000 00:00 0 
7f1f95cd0000-7f1fa4000000 ---p 00000000 00:00 0 
7f1fa4000000-7f1fa4dbd000 rw-p 00000000 00:00 0 
7f1fa4dbd000-7f1fa8000000 ---p 00000000 00:00 0 
7f1fa8000000-7f1fa8001000 r--p 00000000 00:00 0 
7f1fa8001000-7f1fa8002000 r--s 00006000 08:09 7603523                    /home/dario/Scrivania/Lavoro/Utilities/NetBeans/netbeans-8.1/java/maven/lib/plexus-sec-dispatcher-1.3.jar
7f1fa8002000-7f1fa8004000 r--s 00026000 08:09 7603602                    /home/dario/Scrivania/Lavoro/Utilities/NetBeans/netbeans-8.1/java/maven/lib/maven-model-3.0.5.jar
7f1fa8004000-7f1fa8005000 r--s 00003000 08:09 7603605                    /home/dario/Scrivania/Lavoro/Utilities/NetBeans/netbeans-8.1/java/maven/lib/aether-spi-1.13.1.jar
7f1fa8005000-7f1fa8006000 r--s 00002000 08:09 7603615                    /home/dario/Scrivania/Lavoro/Utilities/NetBeans/netbeans-8.1/java/maven/lib/wagon-file-2.4.jar
7f1fa8006000-7f1fa8008000 r--s 00000000 08:09 7603253                    /home/dario/Scrivania/Lavoro/Utilities/NetBeans/netbeans-8.1/java/maven/lib/plexus-component-annotations-1.5.5.jar
7f1fa8008000-7f1fa800b000 r--s 0001d000 08:09 7603597                    /home/dario/Scrivania/Lavoro/Utilities/NetBeans/netbeans-8.1/java/maven/lib/aether-impl-1.13.1.jar
7f1fa800b000-7f1fa800d000 r--s 00009000 08:09 7603613                    /home/dario/Scrivania/Lavoro/Utilities/NetBeans/netbeans-8.1/java/maven/lib/commons-cli-1.2.jar
7f1fa800d000-7f1fa800f000 r--s 0000b000 08:09 7603583                    /home/dario/Scrivania/Lavoro/Utilities/NetBeans/netbeans-8.1/java/maven/lib/maven-artifact-3.0.5.jar
7f1fa800f000-7f1fa8013000 r--s 00013000 08:09 7603604                    /home/dario/Scrivania/Lavoro/Utilities/NetBeans/netbeans-8.1/java/maven/lib/aether-api-1.13.1.jar
7f1fa8013000-7f1fa8016000 r--s 00008000 08:09 7603469                    /home/dario/Scrivania/Lavoro/Utilities/NetBeans/netbeans-8.1/java/maven/lib/maven-settings-builder-3.0.5.jar
7f1fa8016000-7f1fa801a000 r--s 0001c000 08:09 7603598                    /home/dario/Scrivania/Lavoro/Utilities/NetBeans/netbeans-8.1/java/maven/lib/aether-util-1.13.1.jar
7f1fa801a000-7f1fa818b000 rw-p 00000000 00:00 0 
7f1fa818b000-7f1fa8364000 r--s 03d1f000 08:06 8937675                    /usr/lib/jvm/java-8-oracle/jre/lib/rt.jar
7f1fa8364000-7f1fa87b6000 rw-p 00000000 00:00 0 
7f1fa87b6000-7f1fa87b7000 ---p 00000000 00:00 0 
7f1fa87b7000-7f1fa88b7000 rw-p 00000000 00:00 0 
7f1fa88b7000-7f1fa88b8000 ---p 00000000 00:00 0 
7f1fa88b8000-7f1fa89b8000 rw-p 00000000 00:00 0 
7f1fa89b8000-7f1fa89b9000 ---p 00000000 00:00 0 
7f1fa89b9000-7f1fa8ab9000 rw-p 00000000 00:00 0 
7f1fa8ab9000-7f1fa8aba000 ---p 00000000 00:00 0 
7f1fa8aba000-7f1fa8be4000 rw-p 00000000 00:00 0 
7f1fa8be4000-7f1fa8e4d000 ---p 00000000 00:00 0 
7f1fa8e4d000-7f1fa8e77000 rw-p 00000000 00:00 0 
7f1fa8e77000-7f1fa90df000 ---p 00000000 00:00 0 
7f1fa90df000-7f1fa912c000 rw-p 00000000 00:00 0 
7f1fa912c000-7f1fa9229000 ---p 00000000 00:00 0 
7f1fa9229000-7f1fa925e000 rw-p 00000000 00:00 0 
7f1fa925e000-7f1fa95ea000 ---p 00000000 00:00 0 
7f1fa95ea000-7f1fa9604000 r-xp 00000000 08:06 8937877                    /usr/lib/jvm/java-8-oracle/jre/lib/amd64/libzip.so
7f1fa9604000-7f1fa9804000 ---p 0001a000 08:06 8937877                    /usr/lib/jvm/java-8-oracle/jre/lib/amd64/libzip.so
7f1fa9804000-7f1fa9805000 rw-p 0001a000 08:06 8937877                    /usr/lib/jvm/java-8-oracle/jre/lib/amd64/libzip.so
7f1fa9805000-7f1fa9810000 r-xp 00000000 08:06 2626099                    /lib/x86_64-linux-gnu/libnss_files-2.23.so
7f1fa9810000-7f1fa9a0f000 ---p 0000b000 08:06 2626099                    /lib/x86_64-linux-gnu/libnss_files-2.23.so
7f1fa9a0f000-7f1fa9a10000 r--p 0000a000 08:06 2626099                    /lib/x86_64-linux-gnu/libnss_files-2.23.so
7f1fa9a10000-7f1fa9a11000 rw-p 0000b000 08:06 2626099                    /lib/x86_64-linux-gnu/libnss_files-2.23.so
7f1fa9a11000-7f1fa9a17000 rw-p 00000000 00:00 0 
7f1fa9a17000-7f1fa9a22000 r-xp 00000000 08:06 2626109                    /lib/x86_64-linux-gnu/libnss_nis-2.23.so
7f1fa9a22000-7f1fa9c21000 ---p 0000b000 08:06 2626109                    /lib/x86_64-linux-gnu/libnss_nis-2.23.so
7f1fa9c21000-7f1fa9c22000 r--p 0000a000 08:06 2626109                    /lib/x86_64-linux-gnu/libnss_nis-2.23.so
7f1fa9c22000-7f1fa9c23000 rw-p 0000b000 08:06 2626109                    /lib/x86_64-linux-gnu/libnss_nis-2.23.so
7f1fa9c23000-7f1fa9c39000 r-xp 00000000 08:06 2626093                    /lib/x86_64-linux-gnu/libnsl-2.23.so
7f1fa9c39000-7f1fa9e38000 ---p 00016000 08:06 2626093                    /lib/x86_64-linux-gnu/libnsl-2.23.so
7f1fa9e38000-7f1fa9e39000 r--p 00015000 08:06 2626093                    /lib/x86_64-linux-gnu/libnsl-2.23.so
7f1fa9e39000-7f1fa9e3a000 rw-p 00016000 08:06 2626093                    /lib/x86_64-linux-gnu/libnsl-2.23.so
7f1fa9e3a000-7f1fa9e3c000 rw-p 00000000 00:00 0 
7f1fa9e3c000-7f1fa9e44000 r-xp 00000000 08:06 2626095                    /lib/x86_64-linux-gnu/libnss_compat-2.23.so
7f1fa9e44000-7f1faa043000 ---p 00008000 08:06 2626095                    /lib/x86_64-linux-gnu/libnss_compat-2.23.so
7f1faa043000-7f1faa044000 r--p 00007000 08:06 2626095                    /lib/x86_64-linux-gnu/libnss_compat-2.23.so
7f1faa044000-7f1faa045000 rw-p 00008000 08:06 2626095                    /lib/x86_64-linux-gnu/libnss_compat-2.23.so
7f1faa045000-7f1faa06f000 r-xp 00000000 08:06 8937872                    /usr/lib/jvm/java-8-oracle/jre/lib/amd64/libjava.so
7f1faa06f000-7f1faa26f000 ---p 0002a000 08:06 8937872                    /usr/lib/jvm/java-8-oracle/jre/lib/amd64/libjava.so
7f1faa26f000-7f1faa271000 rw-p 0002a000 08:06 8937872                    /usr/lib/jvm/java-8-oracle/jre/lib/amd64/libjava.so
7f1faa271000-7f1faa27e000 r-xp 00000000 08:06 8937876                    /usr/lib/jvm/java-8-oracle/jre/lib/amd64/libverify.so
7f1faa27e000-7f1faa47e000 ---p 0000d000 08:06 8937876                    /usr/lib/jvm/java-8-oracle/jre/lib/amd64/libverify.so
7f1faa47e000-7f1faa480000 rw-p 0000d000 08:06 8937876                    /usr/lib/jvm/java-8-oracle/jre/lib/amd64/libverify.so
7f1faa480000-7f1faa487000 r-xp 00000000 08:06 2626154                    /lib/x86_64-linux-gnu/librt-2.23.so
7f1faa487000-7f1faa686000 ---p 00007000 08:06 2626154                    /lib/x86_64-linux-gnu/librt-2.23.so
7f1faa686000-7f1faa687000 r--p 00006000 08:06 2626154                    /lib/x86_64-linux-gnu/librt-2.23.so
7f1faa687000-7f1faa688000 rw-p 00007000 08:06 2626154                    /lib/x86_64-linux-gnu/librt-2.23.so
7f1faa688000-7f1faa790000 r-xp 00000000 08:06 2626070                    /lib/x86_64-linux-gnu/libm-2.23.so
7f1faa790000-7f1faa98f000 ---p 00108000 08:06 2626070                    /lib/x86_64-linux-gnu/libm-2.23.so
7f1faa98f000-7f1faa990000 r--p 00107000 08:06 2626070                    /lib/x86_64-linux-gnu/libm-2.23.so
7f1faa990000-7f1faa991000 rw-p 00108000 08:06 2626070                    /lib/x86_64-linux-gnu/libm-2.23.so
7f1faa991000-7f1fab651000 r-xp 00000000 08:06 8937855                    /usr/lib/jvm/java-8-oracle/jre/lib/amd64/server/libjvm.so
7f1fab651000-7f1fab851000 ---p 00cc0000 08:06 8937855                    /usr/lib/jvm/java-8-oracle/jre/lib/amd64/server/libjvm.so
7f1fab851000-7f1fab929000 rw-p 00cc0000 08:06 8937855                    /usr/lib/jvm/java-8-oracle/jre/lib/amd64/server/libjvm.so
7f1fab929000-7f1fab974000 rw-p 00000000 00:00 0 
7f1fab974000-7f1fabb34000 r-xp 00000000 08:06 2626000                    /lib/x86_64-linux-gnu/libc-2.23.so
7f1fabb34000-7f1fabd33000 ---p 001c0000 08:06 2626000                    /lib/x86_64-linux-gnu/libc-2.23.so
7f1fabd33000-7f1fabd37000 r--p 001bf000 08:06 2626000                    /lib/x86_64-linux-gnu/libc-2.23.so
7f1fabd37000-7f1fabd39000 rw-p 001c3000 08:06 2626000                    /lib/x86_64-linux-gnu/libc-2.23.so
7f1fabd39000-7f1fabd3d000 rw-p 00000000 00:00 0 
7f1fabd3d000-7f1fabd40000 r-xp 00000000 08:06 2626024                    /lib/x86_64-linux-gnu/libdl-2.23.so
7f1fabd40000-7f1fabf3f000 ---p 00003000 08:06 2626024                    /lib/x86_64-linux-gnu/libdl-2.23.so
7f1fabf3f000-7f1fabf40000 r--p 00002000 08:06 2626024                    /lib/x86_64-linux-gnu/libdl-2.23.so
7f1fabf40000-7f1fabf41000 rw-p 00003000 08:06 2626024                    /lib/x86_64-linux-gnu/libdl-2.23.so
7f1fabf41000-7f1fabf56000 r-xp 00000000 08:06 8937496                    /usr/lib/jvm/java-8-oracle/lib/amd64/jli/libjli.so
7f1fabf56000-7f1fac156000 ---p 00015000 08:06 8937496                    /usr/lib/jvm/java-8-oracle/lib/amd64/jli/libjli.so
7f1fac156000-7f1fac157000 rw-p 00015000 08:06 8937496                    /usr/lib/jvm/java-8-oracle/lib/amd64/jli/libjli.so
7f1fac157000-7f1fac16f000 r-xp 00000000 08:06 2626146                    /lib/x86_64-linux-gnu/libpthread-2.23.so
7f1fac16f000-7f1fac36e000 ---p 00018000 08:06 2626146                    /lib/x86_64-linux-gnu/libpthread-2.23.so
7f1fac36e000-7f1fac36f000 r--p 00017000 08:06 2626146                    /lib/x86_64-linux-gnu/libpthread-2.23.so
7f1fac36f000-7f1fac370000 rw-p 00018000 08:06 2626146                    /lib/x86_64-linux-gnu/libpthread-2.23.so
7f1fac370000-7f1fac374000 rw-p 00000000 00:00 0 
7f1fac374000-7f1fac39a000 r-xp 00000000 08:06 2625972                    /lib/x86_64-linux-gnu/ld-2.23.so
7f1fac39a000-7f1fac39b000 r--s 0000a000 08:09 7603584                    /home/dario/Scrivania/Lavoro/Utilities/NetBeans/netbeans-8.1/java/maven/lib/maven-embedder-3.0.5.jar
7f1fac39b000-7f1fac39d000 r--s 0000b000 08:09 7603568                    /home/dario/Scrivania/Lavoro/Utilities/NetBeans/netbeans-8.1/java/maven/lib/wagon-provider-api-2.4.jar
7f1fac39d000-7f1fac39f000 r--s 0000c000 08:09 7603487                    /home/dario/Scrivania/Lavoro/Utilities/NetBeans/netbeans-8.1/java/maven/lib/maven-aether-provider-3.0.5.jar
7f1fac39f000-7f1fac3a3000 r--s 00033000 08:09 7603596                    /home/dario/Scrivania/Lavoro/Utilities/NetBeans/netbeans-8.1/java/maven/lib/plexus-utils-2.0.6.jar
7f1fac3a3000-7f1fac3a5000 r--s 00006000 08:09 7603440                    /home/dario/Scrivania/Lavoro/Utilities/NetBeans/netbeans-8.1/java/maven/lib/aether-connector-wagon-1.13.1.jar
7f1fac3a5000-7f1fac3a9000 r--s 00021000 08:09 7603522                    /home/dario/Scrivania/Lavoro/Utilities/NetBeans/netbeans-8.1/java/maven/lib/maven-model-builder-3.0.5.jar
7f1fac3a9000-7f1fac474000 rw-p 00000000 00:00 0 
7f1fac474000-7f1fac477000 ---p 00000000 00:00 0 
7f1fac477000-7f1fac579000 rw-p 00000000 00:00 0 
7f1fac579000-7f1fac57f000 r--s 0003f000 08:09 7603599                    /home/dario/Scrivania/Lavoro/Utilities/NetBeans/netbeans-8.1/java/maven/lib/maven-compat-3.0.5.jar
7f1fac57f000-7f1fac58b000 r--s 0007d000 08:09 7603610                    /home/dario/Scrivania/Lavoro/Utilities/NetBeans/netbeans-8.1/java/maven/lib/maven-core-3.0.5.jar
7f1fac58b000-7f1fac58d000 r--s 0000a000 08:09 7603558                    /home/dario/Scrivania/Lavoro/Utilities/NetBeans/netbeans-8.1/java/maven/boot/plexus-classworlds-2.4.jar
7f1fac58d000-7f1fac595000 rw-s 00000000 08:06 4980861                    /tmp/hsperfdata_dario/7708
7f1fac595000-7f1fac596000 rw-p 00000000 00:00 0 
7f1fac596000-7f1fac597000 ---p 00000000 00:00 0 
7f1fac597000-7f1fac599000 rw-p 00000000 00:00 0 
7f1fac599000-7f1fac59a000 r--p 00025000 08:06 2625972                    /lib/x86_64-linux-gnu/ld-2.23.so
7f1fac59a000-7f1fac59b000 rw-p 00026000 08:06 2625972                    /lib/x86_64-linux-gnu/ld-2.23.so
7f1fac59b000-7f1fac59c000 rw-p 00000000 00:00 0 
7ffc31349000-7ffc3136a000 rw-p 00000000 00:00 0                          [stack]
7ffc313b7000-7ffc313b9000 r--p 00000000 00:00 0                          [vvar]
7ffc313b9000-7ffc313bb000 r-xp 00000000 00:00 0                          [vdso]
ffffffffff600000-ffffffffff601000 r-xp 00000000 00:00 0                  [vsyscall]

VM Arguments:
jvm_args: -Dclassworlds.conf=/home/dario/Scrivania/Lavoro/Utilities/NetBeans/netbeans-8.1/java/maven/bin/m2.conf -Dmaven.home=/home/dario/Scrivania/Lavoro/Utilities/NetBeans/netbeans-8.1/java/maven 
java_command: org.codehaus.plexus.classworlds.launcher.Launcher -Dmaven.ext.class.path=/home/dario/Scrivania/Lavoro/Utilities/NetBeans/netbeans-8.1/java/maven-nblib/netbeans-eventspy.jar clean install
java_class_path (initial): /home/dario/Scrivania/Lavoro/Utilities/NetBeans/netbeans-8.1/java/maven/boot/plexus-classworlds-2.4.jar
Launcher Type: SUN_STANDARD

Environment Variables:
JAVA_HOME=/usr/lib/jvm/java-8-oracle
PATH=/usr/local/sbin:/usr/local/bin:/usr/sbin:/usr/bin:/sbin:/bin:/usr/games:/usr/local/games:/snap/bin:/usr/lib/jvm/java-8-oracle/bin:/usr/lib/jvm/java-8-oracle/db/bin:/usr/lib/jvm/java-8-oracle/jre/bin
LD_LIBRARY_PATH=/usr/lib/jvm/java-8-oracle/jre/lib/amd64:/usr/lib/jvm/java-8-oracle/jre/lib/i386:
SHELL=/bin/bash
DISPLAY=:0

Signal Handlers:
SIGSEGV: [libjvm.so+0xabca10], sa_mask[0]=11111111011111111101111111111110, sa_flags=SA_RESTART|SA_SIGINFO
SIGBUS: [libjvm.so+0xabca10], sa_mask[0]=11111111011111111101111111111110, sa_flags=SA_RESTART|SA_SIGINFO
SIGFPE: [libjvm.so+0x919a20], sa_mask[0]=11111111011111111101111111111110, sa_flags=SA_RESTART|SA_SIGINFO
SIGPIPE: [libjvm.so+0x919a20], sa_mask[0]=11111111011111111101111111111110, sa_flags=SA_RESTART|SA_SIGINFO
SIGXFSZ: [libjvm.so+0x919a20], sa_mask[0]=11111111011111111101111111111110, sa_flags=SA_RESTART|SA_SIGINFO
SIGILL: [libjvm.so+0x919a20], sa_mask[0]=11111111011111111101111111111110, sa_flags=SA_RESTART|SA_SIGINFO
SIGUSR1: SIG_DFL, sa_mask[0]=00000000000000000000000000000000, sa_flags=none
SIGUSR2: [libjvm.so+0x91b050], sa_mask[0]=00100000000000000000000000000000, sa_flags=SA_RESTART|SA_SIGINFO
SIGHUP: [libjvm.so+0x91c450], sa_mask[0]=11111111011111111101111111111110, sa_flags=SA_RESTART|SA_SIGINFO
SIGINT: SIG_IGN, sa_mask[0]=00000000000000000000000000000000, sa_flags=none
SIGTERM: [libjvm.so+0x91c450], sa_mask[0]=11111111011111111101111111111110, sa_flags=SA_RESTART|SA_SIGINFO
SIGQUIT: [libjvm.so+0x91c450], sa_mask[0]=11111111011111111101111111111110, sa_flags=SA_RESTART|SA_SIGINFO


---------------  S Y S T E M  ---------------

OS:DISTRIB_ID=Ubuntu
DISTRIB_RELEASE=16.04
DISTRIB_CODENAME=xenial
DISTRIB_DESCRIPTION="Ubuntu 16.04 LTS"

uname:Linux 4.4.0-22-generic #40-Ubuntu SMP Thu May 12 22:03:46 UTC 2016 x86_64
libc:glibc 2.23 NPTL 2.23 
rlimit: STACK 8192k, CORE 0k, NPROC 31241, NOFILE 65536, AS infinity
load average:1,21 0,93 0,60

/proc/meminfo:
MemTotal:        8086932 kB
MemFree:           57244 kB
MemAvailable:     129204 kB
Buffers:            9632 kB
Cached:           387156 kB
SwapCached:            0 kB
Active:          7452924 kB
Inactive:         342524 kB
Active(anon):    7413740 kB
Inactive(anon):   310752 kB
Active(file):      39184 kB
Inactive(file):    31772 kB
Unevictable:          96 kB
Mlocked:              96 kB
SwapTotal:             0 kB
SwapFree:              0 kB
Dirty:               496 kB
Writeback:             0 kB
AnonPages:       7398896 kB
Mapped:           219756 kB
Shmem:            325720 kB
Slab:              85868 kB
SReclaimable:      43352 kB
SUnreclaim:        42516 kB
KernelStack:       12848 kB
PageTables:        61012 kB
NFS_Unstable:          0 kB
Bounce:                0 kB
WritebackTmp:          0 kB
CommitLimit:     4043464 kB
Committed_AS:   11666728 kB
VmallocTotal:   34359738367 kB
VmallocUsed:           0 kB
VmallocChunk:          0 kB
HardwareCorrupted:     0 kB
AnonHugePages:   4694016 kB
CmaTotal:              0 kB
CmaFree:               0 kB
HugePages_Total:       0
HugePages_Free:        0
HugePages_Rsvd:        0
HugePages_Surp:        0
Hugepagesize:       2048 kB
DirectMap4k:      174416 kB
DirectMap2M:     7077888 kB
DirectMap1G:     2097152 kB


CPU:total 4 (2 cores per cpu, 2 threads per core) family 6 model 61 stepping 4, cmov, cx8, fxsr, mmx, sse, sse2, sse3, ssse3, sse4.1, sse4.2, popcnt, avx, avx2, aes, clmul, erms, 3dnowpref, lzcnt, ht, tsc, tscinvbit, bmi1, bmi2, adx

/proc/cpuinfo:
processor	: 0
vendor_id	: GenuineIntel
cpu family	: 6
model		: 61
model name	: Intel(R) Core(TM) i5-5200U CPU @ 2.20GHz
stepping	: 4
microcode	: 0x22
cpu MHz		: 2222.429
cache size	: 3072 KB
physical id	: 0
siblings	: 4
core id		: 0
cpu cores	: 2
apicid		: 0
initial apicid	: 0
fpu		: yes
fpu_exception	: yes
cpuid level	: 20
wp		: yes
flags		: fpu vme de pse tsc msr pae mce cx8 apic sep mtrr pge mca cmov pat pse36 clflush dts acpi mmx fxsr sse sse2 ss ht tm pbe syscall nx pdpe1gb rdtscp lm constant_tsc arch_perfmon pebs bts rep_good nopl xtopology nonstop_tsc aperfmperf eagerfpu pni pclmulqdq dtes64 monitor ds_cpl vmx est tm2 ssse3 sdbg fma cx16 xtpr pdcm pcid sse4_1 sse4_2 x2apic movbe popcnt tsc_deadline_timer aes xsave avx f16c rdrand lahf_lm abm 3dnowprefetch epb intel_pt tpr_shadow vnmi flexpriority ept vpid fsgsbase tsc_adjust bmi1 avx2 smep bmi2 erms invpcid rdseed adx smap xsaveopt dtherm ida arat pln pts
bugs		:
bogomips	: 4389.74
clflush size	: 64
cache_alignment	: 64
address sizes	: 39 bits physical, 48 bits virtual
power management:

processor	: 1
vendor_id	: GenuineIntel
cpu family	: 6
model		: 61
model name	: Intel(R) Core(TM) i5-5200U CPU @ 2.20GHz
stepping	: 4
microcode	: 0x22
cpu MHz		: 2200.085
cache size	: 3072 KB
physical id	: 0
siblings	: 4
core id		: 1
cpu cores	: 2
apicid		: 2
initial apicid	: 2
fpu		: yes
fpu_exception	: yes
cpuid level	: 20
wp		: yes
flags		: fpu vme de pse tsc msr pae mce cx8 apic sep mtrr pge mca cmov pat pse36 clflush dts acpi mmx fxsr sse sse2 ss ht tm pbe syscall nx pdpe1gb rdtscp lm constant_tsc arch_perfmon pebs bts rep_good nopl xtopology nonstop_tsc aperfmperf eagerfpu pni pclmulqdq dtes64 monitor ds_cpl vmx est tm2 ssse3 sdbg fma cx16 xtpr pdcm pcid sse4_1 sse4_2 x2apic movbe popcnt tsc_deadline_timer aes xsave avx f16c rdrand lahf_lm abm 3dnowprefetch epb intel_pt tpr_shadow vnmi flexpriority ept vpid fsgsbase tsc_adjust bmi1 avx2 smep bmi2 erms invpcid rdseed adx smap xsaveopt dtherm ida arat pln pts
bugs		:
bogomips	: 4389.74
clflush size	: 64
cache_alignment	: 64
address sizes	: 39 bits physical, 48 bits virtual
power management:

processor	: 2
vendor_id	: GenuineIntel
cpu family	: 6
model		: 61
model name	: Intel(R) Core(TM) i5-5200U CPU @ 2.20GHz
stepping	: 4
microcode	: 0x22
cpu MHz		: 2255.859
cache size	: 3072 KB
physical id	: 0
siblings	: 4
core id		: 0
cpu cores	: 2
apicid		: 1
initial apicid	: 1
fpu		: yes
fpu_exception	: yes
cpuid level	: 20
wp		: yes
flags		: fpu vme de pse tsc msr pae mce cx8 apic sep mtrr pge mca cmov pat pse36 clflush dts acpi mmx fxsr sse sse2 ss ht tm pbe syscall nx pdpe1gb rdtscp lm constant_tsc arch_perfmon pebs bts rep_good nopl xtopology nonstop_tsc aperfmperf eagerfpu pni pclmulqdq dtes64 monitor ds_cpl vmx est tm2 ssse3 sdbg fma cx16 xtpr pdcm pcid sse4_1 sse4_2 x2apic movbe popcnt tsc_deadline_timer aes xsave avx f16c rdrand lahf_lm abm 3dnowprefetch epb intel_pt tpr_shadow vnmi flexpriority ept vpid fsgsbase tsc_adjust bmi1 avx2 smep bmi2 erms invpcid rdseed adx smap xsaveopt dtherm ida arat pln pts
bugs		:
bogomips	: 4389.74
clflush size	: 64
cache_alignment	: 64
address sizes	: 39 bits physical, 48 bits virtual
power management:

processor	: 3
vendor_id	: GenuineIntel
cpu family	: 6
model		: 61
model name	: Intel(R) Core(TM) i5-5200U CPU @ 2.20GHz
stepping	: 4
microcode	: 0x22
cpu MHz		: 2353.054
cache size	: 3072 KB
physical id	: 0
siblings	: 4
core id		: 1
cpu cores	: 2
apicid		: 3
initial apicid	: 3
fpu		: yes
fpu_exception	: yes
cpuid level	: 20
wp		: yes
flags		: fpu vme de pse tsc msr pae mce cx8 apic sep mtrr pge mca cmov pat pse36 clflush dts acpi mmx fxsr sse sse2 ss ht tm pbe syscall nx pdpe1gb rdtscp lm constant_tsc arch_perfmon pebs bts rep_good nopl xtopology nonstop_tsc aperfmperf eagerfpu pni pclmulqdq dtes64 monitor ds_cpl vmx est tm2 ssse3 sdbg fma cx16 xtpr pdcm pcid sse4_1 sse4_2 x2apic movbe popcnt tsc_deadline_timer aes xsave avx f16c rdrand lahf_lm abm 3dnowprefetch epb intel_pt tpr_shadow vnmi flexpriority ept vpid fsgsbase tsc_adjust bmi1 avx2 smep bmi2 erms invpcid rdseed adx smap xsaveopt dtherm ida arat pln pts
bugs		:
bogomips	: 4389.74
clflush size	: 64
cache_alignment	: 64
address sizes	: 39 bits physical, 48 bits virtual
power management:



Memory: 4k page, physical 8086932k(57244k free), swap 0k(0k free)

vm_info: Java HotSpot(TM) 64-Bit Server VM (25.91-b14) for linux-amd64 JRE (1.8.0_91-b14), built on Apr  1 2016 00:57:21 by "java_re" with gcc 4.3.0 20080428 (Red Hat 4.3.0-8)

time: Mon May 23 15:51:44 2016
elapsed time: 16 seconds (0d 0h 0m 16s)

